running egg_info
writing ../../build/my_amcl_node/my_amcl_node.egg-info/PKG-INFO
writing dependency_links to ../../build/my_amcl_node/my_amcl_node.egg-info/dependency_links.txt
writing entry points to ../../build/my_amcl_node/my_amcl_node.egg-info/entry_points.txt
writing requirements to ../../build/my_amcl_node/my_amcl_node.egg-info/requires.txt
writing top-level names to ../../build/my_amcl_node/my_amcl_node.egg-info/top_level.txt
reading manifest file '../../build/my_amcl_node/my_amcl_node.egg-info/SOURCES.txt'
writing manifest file '../../build/my_amcl_node/my_amcl_node.egg-info/SOURCES.txt'
running build
running build_py
copying my_amcl_node/amcl_node.py -> /home/seif/ros2_ws/build/my_amcl_node/build/lib/my_amcl_node
running install
running install_lib
copying /home/seif/ros2_ws/build/my_amcl_node/build/lib/my_amcl_node/amcl_node.py -> /home/seif/ros2_ws/install/my_amcl_node/lib/python3.10/site-packages/my_amcl_node
byte-compiling /home/seif/ros2_ws/install/my_amcl_node/lib/python3.10/site-packages/my_amcl_node/amcl_node.py to amcl_node.cpython-310.pyc
running install_data
running install_egg_info
removing '/home/seif/ros2_ws/install/my_amcl_node/lib/python3.10/site-packages/my_amcl_node-0.0.0-py3.10.egg-info' (and everything under it)
Copying ../../build/my_amcl_node/my_amcl_node.egg-info to /home/seif/ros2_ws/install/my_amcl_node/lib/python3.10/site-packages/my_amcl_node-0.0.0-py3.10.egg-info
running install_scripts
Installing amcl_node script to /home/seif/ros2_ws/install/my_amcl_node/lib/my_amcl_node
writing list of installed files to '/home/seif/ros2_ws/build/my_amcl_node/install.log'
