[1.820s] Invoking command in '/home/seif/ros2_ws/src/controller_pkg': PYTHONPATH=/home/seif/ros2_ws/build/controller_pkg/prefix_override:/usr/lib/python3/dist-packages/colcon_core/task/python/colcon_distutils_commands:/home/seif/ros2_ws/install/controller_pkg/lib/python3.10/site-packages:${PYTHONPATH} /usr/bin/python3 -W ignore:setup.py install is deprecated -W ignore:easy_install command is deprecated setup.py egg_info --egg-base ../../build/controller_pkg build --build-base /home/seif/ros2_ws/build/controller_pkg/build install --record /home/seif/ros2_ws/build/controller_pkg/install.log --single-version-externally-managed install_data
[2.198s] running egg_info
[2.199s] writing ../../build/controller_pkg/controller_pkg.egg-info/PKG-INFO
[2.199s] writing dependency_links to ../../build/controller_pkg/controller_pkg.egg-info/dependency_links.txt
[2.199s] writing entry points to ../../build/controller_pkg/controller_pkg.egg-info/entry_points.txt
[2.200s] writing requirements to ../../build/controller_pkg/controller_pkg.egg-info/requires.txt
[2.200s] writing top-level names to ../../build/controller_pkg/controller_pkg.egg-info/top_level.txt
[2.202s] reading manifest file '../../build/controller_pkg/controller_pkg.egg-info/SOURCES.txt'
[2.203s] writing manifest file '../../build/controller_pkg/controller_pkg.egg-info/SOURCES.txt'
[2.203s] running build
[2.203s] running build_py
[2.203s] running install
[2.204s] running install_lib
[2.206s] running install_data
[2.207s] running install_egg_info
[2.209s] removing '/home/seif/ros2_ws/install/controller_pkg/lib/python3.10/site-packages/controller_pkg-0.0.0-py3.10.egg-info' (and everything under it)
[2.209s] Copying ../../build/controller_pkg/controller_pkg.egg-info to /home/seif/ros2_ws/install/controller_pkg/lib/python3.10/site-packages/controller_pkg-0.0.0-py3.10.egg-info
[2.210s] running install_scripts
[2.239s] Installing controller_node script to /home/seif/ros2_ws/install/controller_pkg/lib/controller_pkg
[2.239s] writing list of installed files to '/home/seif/ros2_ws/build/controller_pkg/install.log'
[2.281s] Invoked command in '/home/seif/ros2_ws/src/controller_pkg' returned '0': PYTHONPATH=/home/seif/ros2_ws/build/controller_pkg/prefix_override:/usr/lib/python3/dist-packages/colcon_core/task/python/colcon_distutils_commands:/home/seif/ros2_ws/install/controller_pkg/lib/python3.10/site-packages:${PYTHONPATH} /usr/bin/python3 -W ignore:setup.py install is deprecated -W ignore:easy_install command is deprecated setup.py egg_info --egg-base ../../build/controller_pkg build --build-base /home/seif/ros2_ws/build/controller_pkg/build install --record /home/seif/ros2_ws/build/controller_pkg/install.log --single-version-externally-managed install_data
