[0.719s] Invoking command in '/home/seif/ros2_ws/src/my_amcl_node': PYTHONPATH=/home/seif/ros2_ws/build/my_amcl_node/prefix_override:/usr/lib/python3/dist-packages/colcon_core/task/python/colcon_distutils_commands:/home/seif/ros2_ws/install/my_amcl_node/lib/python3.10/site-packages:${PYTHONPATH} /usr/bin/python3 -W ignore:setup.py install is deprecated -W ignore:easy_install command is deprecated setup.py egg_info --egg-base ../../build/my_amcl_node build --build-base /home/seif/ros2_ws/build/my_amcl_node/build install --record /home/seif/ros2_ws/build/my_amcl_node/install.log --single-version-externally-managed install_data
[0.929s] running egg_info
[0.929s] writing ../../build/my_amcl_node/my_amcl_node.egg-info/PKG-INFO
[0.930s] writing dependency_links to ../../build/my_amcl_node/my_amcl_node.egg-info/dependency_links.txt
[0.930s] writing entry points to ../../build/my_amcl_node/my_amcl_node.egg-info/entry_points.txt
[0.930s] writing requirements to ../../build/my_amcl_node/my_amcl_node.egg-info/requires.txt
[0.930s] writing top-level names to ../../build/my_amcl_node/my_amcl_node.egg-info/top_level.txt
[0.931s] reading manifest file '../../build/my_amcl_node/my_amcl_node.egg-info/SOURCES.txt'
[0.932s] writing manifest file '../../build/my_amcl_node/my_amcl_node.egg-info/SOURCES.txt'
[0.932s] running build
[0.932s] running build_py
[0.932s] running install
[0.932s] running install_lib
[0.934s] running install_data
[0.934s] running install_egg_info
[0.935s] removing '/home/seif/ros2_ws/install/my_amcl_node/lib/python3.10/site-packages/my_amcl_node-0.0.0-py3.10.egg-info' (and everything under it)
[0.935s] Copying ../../build/my_amcl_node/my_amcl_node.egg-info to /home/seif/ros2_ws/install/my_amcl_node/lib/python3.10/site-packages/my_amcl_node-0.0.0-py3.10.egg-info
[0.936s] running install_scripts
[0.952s] Installing amcl_node script to /home/seif/ros2_ws/install/my_amcl_node/lib/my_amcl_node
[0.953s] writing list of installed files to '/home/seif/ros2_ws/build/my_amcl_node/install.log'
[0.973s] Invoked command in '/home/seif/ros2_ws/src/my_amcl_node' returned '0': PYTHONPATH=/home/seif/ros2_ws/build/my_amcl_node/prefix_override:/usr/lib/python3/dist-packages/colcon_core/task/python/colcon_distutils_commands:/home/seif/ros2_ws/install/my_amcl_node/lib/python3.10/site-packages:${PYTHONPATH} /usr/bin/python3 -W ignore:setup.py install is deprecated -W ignore:easy_install command is deprecated setup.py egg_info --egg-base ../../build/my_amcl_node build --build-base /home/seif/ros2_ws/build/my_amcl_node/build install --record /home/seif/ros2_ws/build/my_amcl_node/install.log --single-version-externally-managed install_data
