[0.469s] Invoking command in '/home/seif/ros2_ws/src/my_amcl_node': PYTHONPATH=/home/seif/ros2_ws/build/my_amcl_node/prefix_override:/usr/lib/python3/dist-packages/colcon_core/task/python/colcon_distutils_commands:/home/seif/ros2_ws/install/my_amcl_node/lib/python3.10/site-packages:${PYTHONPATH} /usr/bin/python3 -W ignore:setup.py install is deprecated -W ignore:easy_install command is deprecated setup.py egg_info --egg-base ../../build/my_amcl_node build --build-base /home/seif/ros2_ws/build/my_amcl_node/build install --record /home/seif/ros2_ws/build/my_amcl_node/install.log --single-version-externally-managed install_data
[0.664s] running egg_info
[0.665s] writing ../../build/my_amcl_node/my_amcl_node.egg-info/PKG-INFO
[0.665s] writing dependency_links to ../../build/my_amcl_node/my_amcl_node.egg-info/dependency_links.txt
[0.665s] writing entry points to ../../build/my_amcl_node/my_amcl_node.egg-info/entry_points.txt
[0.665s] writing requirements to ../../build/my_amcl_node/my_amcl_node.egg-info/requires.txt
[0.665s] writing top-level names to ../../build/my_amcl_node/my_amcl_node.egg-info/top_level.txt
[0.666s] reading manifest file '../../build/my_amcl_node/my_amcl_node.egg-info/SOURCES.txt'
[0.667s] writing manifest file '../../build/my_amcl_node/my_amcl_node.egg-info/SOURCES.txt'
[0.667s] running build
[0.667s] running build_py
[0.667s] copying my_amcl_node/amcl_node.py -> /home/seif/ros2_ws/build/my_amcl_node/build/lib/my_amcl_node
[0.667s] running install
[0.667s] running install_lib
[0.668s] copying /home/seif/ros2_ws/build/my_amcl_node/build/lib/my_amcl_node/amcl_node.py -> /home/seif/ros2_ws/install/my_amcl_node/lib/python3.10/site-packages/my_amcl_node
[0.668s] byte-compiling /home/seif/ros2_ws/install/my_amcl_node/lib/python3.10/site-packages/my_amcl_node/amcl_node.py to amcl_node.cpython-310.pyc
[0.668s] running install_data
[0.668s] running install_egg_info
[0.670s] removing '/home/seif/ros2_ws/install/my_amcl_node/lib/python3.10/site-packages/my_amcl_node-0.0.0-py3.10.egg-info' (and everything under it)
[0.670s] Copying ../../build/my_amcl_node/my_amcl_node.egg-info to /home/seif/ros2_ws/install/my_amcl_node/lib/python3.10/site-packages/my_amcl_node-0.0.0-py3.10.egg-info
[0.670s] running install_scripts
[0.686s] Installing amcl_node script to /home/seif/ros2_ws/install/my_amcl_node/lib/my_amcl_node
[0.686s] writing list of installed files to '/home/seif/ros2_ws/build/my_amcl_node/install.log'
[0.704s] Invoked command in '/home/seif/ros2_ws/src/my_amcl_node' returned '0': PYTHONPATH=/home/seif/ros2_ws/build/my_amcl_node/prefix_override:/usr/lib/python3/dist-packages/colcon_core/task/python/colcon_distutils_commands:/home/seif/ros2_ws/install/my_amcl_node/lib/python3.10/site-packages:${PYTHONPATH} /usr/bin/python3 -W ignore:setup.py install is deprecated -W ignore:easy_install command is deprecated setup.py egg_info --egg-base ../../build/my_amcl_node build --build-base /home/seif/ros2_ws/build/my_amcl_node/build install --record /home/seif/ros2_ws/build/my_amcl_node/install.log --single-version-externally-managed install_data
