[1.242s] Invoking command in '/home/seif/ros2_ws/src/my_amcl_node': PYTHONPATH=/home/seif/ros2_ws/build/my_amcl_node/prefix_override:/usr/lib/python3/dist-packages/colcon_core/task/python/colcon_distutils_commands:/home/seif/ros2_ws/install/my_amcl_node/lib/python3.10/site-packages:${PYTHONPATH} /usr/bin/python3 -W ignore:setup.py install is deprecated -W ignore:easy_install command is deprecated setup.py egg_info --egg-base ../../build/my_amcl_node build --build-base /home/seif/ros2_ws/build/my_amcl_node/build install --record /home/seif/ros2_ws/build/my_amcl_node/install.log --single-version-externally-managed install_data
[1.460s] running egg_info
[1.460s] writing ../../build/my_amcl_node/my_amcl_node.egg-info/PKG-INFO
[1.461s] writing dependency_links to ../../build/my_amcl_node/my_amcl_node.egg-info/dependency_links.txt
[1.461s] writing entry points to ../../build/my_amcl_node/my_amcl_node.egg-info/entry_points.txt
[1.461s] writing requirements to ../../build/my_amcl_node/my_amcl_node.egg-info/requires.txt
[1.461s] writing top-level names to ../../build/my_amcl_node/my_amcl_node.egg-info/top_level.txt
[1.462s] reading manifest file '../../build/my_amcl_node/my_amcl_node.egg-info/SOURCES.txt'
[1.462s] writing manifest file '../../build/my_amcl_node/my_amcl_node.egg-info/SOURCES.txt'
[1.462s] running build
[1.463s] running build_py
[1.463s] copying my_amcl_node/amcl_node.py -> /home/seif/ros2_ws/build/my_amcl_node/build/lib/my_amcl_node
[1.463s] running install
[1.464s] running install_lib
[1.464s] copying /home/seif/ros2_ws/build/my_amcl_node/build/lib/my_amcl_node/amcl_node.py -> /home/seif/ros2_ws/install/my_amcl_node/lib/python3.10/site-packages/my_amcl_node
[1.465s] byte-compiling /home/seif/ros2_ws/install/my_amcl_node/lib/python3.10/site-packages/my_amcl_node/amcl_node.py to amcl_node.cpython-310.pyc
[1.467s] running install_data
[1.467s] running install_egg_info
[1.468s] removing '/home/seif/ros2_ws/install/my_amcl_node/lib/python3.10/site-packages/my_amcl_node-0.0.0-py3.10.egg-info' (and everything under it)
[1.468s] Copying ../../build/my_amcl_node/my_amcl_node.egg-info to /home/seif/ros2_ws/install/my_amcl_node/lib/python3.10/site-packages/my_amcl_node-0.0.0-py3.10.egg-info
[1.469s] running install_scripts
[1.487s] Installing amcl_node script to /home/seif/ros2_ws/install/my_amcl_node/lib/my_amcl_node
[1.487s] writing list of installed files to '/home/seif/ros2_ws/build/my_amcl_node/install.log'
[1.527s] Invoked command in '/home/seif/ros2_ws/src/my_amcl_node' returned '0': PYTHONPATH=/home/seif/ros2_ws/build/my_amcl_node/prefix_override:/usr/lib/python3/dist-packages/colcon_core/task/python/colcon_distutils_commands:/home/seif/ros2_ws/install/my_amcl_node/lib/python3.10/site-packages:${PYTHONPATH} /usr/bin/python3 -W ignore:setup.py install is deprecated -W ignore:easy_install command is deprecated setup.py egg_info --egg-base ../../build/my_amcl_node build --build-base /home/seif/ros2_ws/build/my_amcl_node/build install --record /home/seif/ros2_ws/build/my_amcl_node/install.log --single-version-externally-managed install_data
