[3.152s] Invoking command in '/home/seif/ros2_ws/src/planner_pkg': PYTHONPATH=/home/seif/ros2_ws/build/planner_pkg/prefix_override:/usr/lib/python3/dist-packages/colcon_core/task/python/colcon_distutils_commands:/home/seif/ros2_ws/install/planner_pkg/lib/python3.10/site-packages:${PYTHONPATH} /usr/bin/python3 -W ignore:setup.py install is deprecated -W ignore:easy_install command is deprecated setup.py egg_info --egg-base ../../build/planner_pkg build --build-base /home/seif/ros2_ws/build/planner_pkg/build install --record /home/seif/ros2_ws/build/planner_pkg/install.log --single-version-externally-managed install_data
[3.962s] running egg_info
[3.964s] writing ../../build/planner_pkg/planner_pkg.egg-info/PKG-INFO
[3.965s] writing dependency_links to ../../build/planner_pkg/planner_pkg.egg-info/dependency_links.txt
[3.966s] writing entry points to ../../build/planner_pkg/planner_pkg.egg-info/entry_points.txt
[3.966s] writing requirements to ../../build/planner_pkg/planner_pkg.egg-info/requires.txt
[3.967s] writing top-level names to ../../build/planner_pkg/planner_pkg.egg-info/top_level.txt
[3.971s] reading manifest file '../../build/planner_pkg/planner_pkg.egg-info/SOURCES.txt'
[3.974s] writing manifest file '../../build/planner_pkg/planner_pkg.egg-info/SOURCES.txt'
[3.974s] running build
[3.974s] running build_py
[3.975s] copying planner_pkg/astar_node.py -> /home/seif/ros2_ws/build/planner_pkg/build/lib/planner_pkg
[3.976s] running install
[3.977s] running install_lib
[3.984s] copying /home/seif/ros2_ws/build/planner_pkg/build/lib/planner_pkg/astar_node.py -> /home/seif/ros2_ws/install/planner_pkg/lib/python3.10/site-packages/planner_pkg
[3.987s] byte-compiling /home/seif/ros2_ws/install/planner_pkg/lib/python3.10/site-packages/planner_pkg/astar_node.py to astar_node.cpython-310.pyc
[3.991s] running install_data
[3.991s] running install_egg_info
[3.999s] removing '/home/seif/ros2_ws/install/planner_pkg/lib/python3.10/site-packages/planner_pkg-0.0.0-py3.10.egg-info' (and everything under it)
[4.000s] Copying ../../build/planner_pkg/planner_pkg.egg-info to /home/seif/ros2_ws/install/planner_pkg/lib/python3.10/site-packages/planner_pkg-0.0.0-py3.10.egg-info
[4.002s] running install_scripts
[4.064s] Installing astar_node script to /home/seif/ros2_ws/install/planner_pkg/lib/planner_pkg
[4.065s] Installing dwa_node script to /home/seif/ros2_ws/install/planner_pkg/lib/planner_pkg
[4.066s] writing list of installed files to '/home/seif/ros2_ws/build/planner_pkg/install.log'
[4.126s] Invoked command in '/home/seif/ros2_ws/src/planner_pkg' returned '0': PYTHONPATH=/home/seif/ros2_ws/build/planner_pkg/prefix_override:/usr/lib/python3/dist-packages/colcon_core/task/python/colcon_distutils_commands:/home/seif/ros2_ws/install/planner_pkg/lib/python3.10/site-packages:${PYTHONPATH} /usr/bin/python3 -W ignore:setup.py install is deprecated -W ignore:easy_install command is deprecated setup.py egg_info --egg-base ../../build/planner_pkg build --build-base /home/seif/ros2_ws/build/planner_pkg/build install --record /home/seif/ros2_ws/build/planner_pkg/install.log --single-version-externally-managed install_data
