running egg_info
creating ../../build/planner_pkg/planner_pkg.egg-info
writing ../../build/planner_pkg/planner_pkg.egg-info/PKG-INFO
writing dependency_links to ../../build/planner_pkg/planner_pkg.egg-info/dependency_links.txt
writing entry points to ../../build/planner_pkg/planner_pkg.egg-info/entry_points.txt
writing requirements to ../../build/planner_pkg/planner_pkg.egg-info/requires.txt
writing top-level names to ../../build/planner_pkg/planner_pkg.egg-info/top_level.txt
writing manifest file '../../build/planner_pkg/planner_pkg.egg-info/SOURCES.txt'
reading manifest file '../../build/planner_pkg/planner_pkg.egg-info/SOURCES.txt'
writing manifest file '../../build/planner_pkg/planner_pkg.egg-info/SOURCES.txt'
running build
running build_py
creating /home/seif/ros2_ws/build/planner_pkg/build
creating /home/seif/ros2_ws/build/planner_pkg/build/lib
creating /home/seif/ros2_ws/build/planner_pkg/build/lib/planner_pkg
copying planner_pkg/__init__.py -> /home/seif/ros2_ws/build/planner_pkg/build/lib/planner_pkg
copying planner_pkg/astar_node.py -> /home/seif/ros2_ws/build/planner_pkg/build/lib/planner_pkg
copying planner_pkg/dwa_node.py -> /home/seif/ros2_ws/build/planner_pkg/build/lib/planner_pkg
running install
running install_lib
creating /home/seif/ros2_ws/install/planner_pkg/lib/python3.10/site-packages/planner_pkg
copying /home/seif/ros2_ws/build/planner_pkg/build/lib/planner_pkg/__init__.py -> /home/seif/ros2_ws/install/planner_pkg/lib/python3.10/site-packages/planner_pkg
copying /home/seif/ros2_ws/build/planner_pkg/build/lib/planner_pkg/astar_node.py -> /home/seif/ros2_ws/install/planner_pkg/lib/python3.10/site-packages/planner_pkg
copying /home/seif/ros2_ws/build/planner_pkg/build/lib/planner_pkg/dwa_node.py -> /home/seif/ros2_ws/install/planner_pkg/lib/python3.10/site-packages/planner_pkg
byte-compiling /home/seif/ros2_ws/install/planner_pkg/lib/python3.10/site-packages/planner_pkg/__init__.py to __init__.cpython-310.pyc
byte-compiling /home/seif/ros2_ws/install/planner_pkg/lib/python3.10/site-packages/planner_pkg/astar_node.py to astar_node.cpython-310.pyc
byte-compiling /home/seif/ros2_ws/install/planner_pkg/lib/python3.10/site-packages/planner_pkg/dwa_node.py to dwa_node.cpython-310.pyc
running install_data
creating /home/seif/ros2_ws/install/planner_pkg/share/ament_index
creating /home/seif/ros2_ws/install/planner_pkg/share/ament_index/resource_index
creating /home/seif/ros2_ws/install/planner_pkg/share/ament_index/resource_index/packages
copying resource/planner_pkg -> /home/seif/ros2_ws/install/planner_pkg/share/ament_index/resource_index/packages
copying package.xml -> /home/seif/ros2_ws/install/planner_pkg/share/planner_pkg
running install_egg_info
Copying ../../build/planner_pkg/planner_pkg.egg-info to /home/seif/ros2_ws/install/planner_pkg/lib/python3.10/site-packages/planner_pkg-0.0.0-py3.10.egg-info
running install_scripts
writing list of installed files to '/home/seif/ros2_ws/build/planner_pkg/install.log'
