[1.273s] Invoking command in '/home/seif/ros2_ws/src/planner_pkg': PYTHONPATH=/home/seif/ros2_ws/build/planner_pkg/prefix_override:/usr/lib/python3/dist-packages/colcon_core/task/python/colcon_distutils_commands:/home/seif/ros2_ws/install/planner_pkg/lib/python3.10/site-packages:${PYTHONPATH} /usr/bin/python3 -W ignore:setup.py install is deprecated -W ignore:easy_install command is deprecated setup.py egg_info --egg-base ../../build/planner_pkg build --build-base /home/seif/ros2_ws/build/planner_pkg/build install --record /home/seif/ros2_ws/build/planner_pkg/install.log --single-version-externally-managed install_data
[1.493s] running egg_info
[1.493s] creating ../../build/planner_pkg/planner_pkg.egg-info
[1.493s] writing ../../build/planner_pkg/planner_pkg.egg-info/PKG-INFO
[1.493s] writing dependency_links to ../../build/planner_pkg/planner_pkg.egg-info/dependency_links.txt
[1.493s] writing entry points to ../../build/planner_pkg/planner_pkg.egg-info/entry_points.txt
[1.494s] writing requirements to ../../build/planner_pkg/planner_pkg.egg-info/requires.txt
[1.494s] writing top-level names to ../../build/planner_pkg/planner_pkg.egg-info/top_level.txt
[1.494s] writing manifest file '../../build/planner_pkg/planner_pkg.egg-info/SOURCES.txt'
[1.495s] reading manifest file '../../build/planner_pkg/planner_pkg.egg-info/SOURCES.txt'
[1.495s] writing manifest file '../../build/planner_pkg/planner_pkg.egg-info/SOURCES.txt'
[1.495s] running build
[1.496s] running build_py
[1.496s] creating /home/seif/ros2_ws/build/planner_pkg/build
[1.496s] creating /home/seif/ros2_ws/build/planner_pkg/build/lib
[1.496s] creating /home/seif/ros2_ws/build/planner_pkg/build/lib/planner_pkg
[1.496s] copying planner_pkg/__init__.py -> /home/seif/ros2_ws/build/planner_pkg/build/lib/planner_pkg
[1.496s] copying planner_pkg/astar_node.py -> /home/seif/ros2_ws/build/planner_pkg/build/lib/planner_pkg
[1.496s] copying planner_pkg/dwa_node.py -> /home/seif/ros2_ws/build/planner_pkg/build/lib/planner_pkg
[1.496s] running install
[1.497s] running install_lib
[1.498s] creating /home/seif/ros2_ws/install/planner_pkg/lib/python3.10/site-packages/planner_pkg
[1.498s] copying /home/seif/ros2_ws/build/planner_pkg/build/lib/planner_pkg/__init__.py -> /home/seif/ros2_ws/install/planner_pkg/lib/python3.10/site-packages/planner_pkg
[1.498s] copying /home/seif/ros2_ws/build/planner_pkg/build/lib/planner_pkg/astar_node.py -> /home/seif/ros2_ws/install/planner_pkg/lib/python3.10/site-packages/planner_pkg
[1.498s] copying /home/seif/ros2_ws/build/planner_pkg/build/lib/planner_pkg/dwa_node.py -> /home/seif/ros2_ws/install/planner_pkg/lib/python3.10/site-packages/planner_pkg
[1.498s] byte-compiling /home/seif/ros2_ws/install/planner_pkg/lib/python3.10/site-packages/planner_pkg/__init__.py to __init__.cpython-310.pyc
[1.498s] byte-compiling /home/seif/ros2_ws/install/planner_pkg/lib/python3.10/site-packages/planner_pkg/astar_node.py to astar_node.cpython-310.pyc
[1.499s] byte-compiling /home/seif/ros2_ws/install/planner_pkg/lib/python3.10/site-packages/planner_pkg/dwa_node.py to dwa_node.cpython-310.pyc
[1.499s] running install_data
[1.499s] creating /home/seif/ros2_ws/install/planner_pkg/share/ament_index
[1.499s] creating /home/seif/ros2_ws/install/planner_pkg/share/ament_index/resource_index
[1.500s] creating /home/seif/ros2_ws/install/planner_pkg/share/ament_index/resource_index/packages
[1.500s] copying resource/planner_pkg -> /home/seif/ros2_ws/install/planner_pkg/share/ament_index/resource_index/packages
[1.500s] copying package.xml -> /home/seif/ros2_ws/install/planner_pkg/share/planner_pkg
[1.500s] running install_egg_info
[1.501s] Copying ../../build/planner_pkg/planner_pkg.egg-info to /home/seif/ros2_ws/install/planner_pkg/lib/python3.10/site-packages/planner_pkg-0.0.0-py3.10.egg-info
[1.502s] running install_scripts
[1.518s] writing list of installed files to '/home/seif/ros2_ws/build/planner_pkg/install.log'
[1.548s] Invoked command in '/home/seif/ros2_ws/src/planner_pkg' returned '0': PYTHONPATH=/home/seif/ros2_ws/build/planner_pkg/prefix_override:/usr/lib/python3/dist-packages/colcon_core/task/python/colcon_distutils_commands:/home/seif/ros2_ws/install/planner_pkg/lib/python3.10/site-packages:${PYTHONPATH} /usr/bin/python3 -W ignore:setup.py install is deprecated -W ignore:easy_install command is deprecated setup.py egg_info --egg-base ../../build/planner_pkg build --build-base /home/seif/ros2_ws/build/planner_pkg/build install --record /home/seif/ros2_ws/build/planner_pkg/install.log --single-version-externally-managed install_data
