[0.607s] Invoking command in '/home/seif/ros2_ws/src/amcl_plotter': PYTHONPATH=/home/seif/ros2_ws/build/amcl_plotter/prefix_override:/usr/lib/python3/dist-packages/colcon_core/task/python/colcon_distutils_commands:/home/seif/ros2_ws/install/amcl_plotter/lib/python3.10/site-packages:${PYTHONPATH} /usr/bin/python3 -W ignore:setup.py install is deprecated -W ignore:easy_install command is deprecated setup.py egg_info --egg-base ../../build/amcl_plotter build --build-base /home/seif/ros2_ws/build/amcl_plotter/build install --record /home/seif/ros2_ws/build/amcl_plotter/install.log --single-version-externally-managed install_data
[0.846s] running egg_info
[0.846s] writing ../../build/amcl_plotter/amcl_plotter.egg-info/PKG-INFO
[0.846s] writing dependency_links to ../../build/amcl_plotter/amcl_plotter.egg-info/dependency_links.txt
[0.846s] writing entry points to ../../build/amcl_plotter/amcl_plotter.egg-info/entry_points.txt
[0.847s] writing requirements to ../../build/amcl_plotter/amcl_plotter.egg-info/requires.txt
[0.847s] writing top-level names to ../../build/amcl_plotter/amcl_plotter.egg-info/top_level.txt
[0.848s] reading manifest file '../../build/amcl_plotter/amcl_plotter.egg-info/SOURCES.txt'
[0.849s] writing manifest file '../../build/amcl_plotter/amcl_plotter.egg-info/SOURCES.txt'
[0.849s] running build
[0.849s] running build_py
[0.849s] copying amcl_plotter/plot_pose.py -> /home/seif/ros2_ws/build/amcl_plotter/build/lib/amcl_plotter
[0.849s] running install
[0.850s] running install_lib
[0.851s] copying /home/seif/ros2_ws/build/amcl_plotter/build/lib/amcl_plotter/plot_pose.py -> /home/seif/ros2_ws/install/amcl_plotter/lib/python3.10/site-packages/amcl_plotter
[0.851s] byte-compiling /home/seif/ros2_ws/install/amcl_plotter/lib/python3.10/site-packages/amcl_plotter/plot_pose.py to plot_pose.cpython-310.pyc
[0.852s] running install_data
[0.852s] running install_egg_info
[0.854s] removing '/home/seif/ros2_ws/install/amcl_plotter/lib/python3.10/site-packages/amcl_plotter-0.0.0-py3.10.egg-info' (and everything under it)
[0.854s] Copying ../../build/amcl_plotter/amcl_plotter.egg-info to /home/seif/ros2_ws/install/amcl_plotter/lib/python3.10/site-packages/amcl_plotter-0.0.0-py3.10.egg-info
[0.855s] running install_scripts
[0.874s] Installing plot_pose script to /home/seif/ros2_ws/install/amcl_plotter/lib/amcl_plotter
[0.875s] writing list of installed files to '/home/seif/ros2_ws/build/amcl_plotter/install.log'
[0.897s] Invoked command in '/home/seif/ros2_ws/src/amcl_plotter' returned '0': PYTHONPATH=/home/seif/ros2_ws/build/amcl_plotter/prefix_override:/usr/lib/python3/dist-packages/colcon_core/task/python/colcon_distutils_commands:/home/seif/ros2_ws/install/amcl_plotter/lib/python3.10/site-packages:${PYTHONPATH} /usr/bin/python3 -W ignore:setup.py install is deprecated -W ignore:easy_install command is deprecated setup.py egg_info --egg-base ../../build/amcl_plotter build --build-base /home/seif/ros2_ws/build/amcl_plotter/build install --record /home/seif/ros2_ws/build/amcl_plotter/install.log --single-version-externally-managed install_data
