[0.105s] DEBUG:colcon:Command line arguments: ['/usr/bin/colcon', 'build']
[0.105s] DEBUG:colcon:Parsed command line arguments: Namespace(log_base=None, log_level=None, verb_name='build', build_base='build', install_base='install', merge_install=False, symlink_install=False, test_result_base=None, continue_on_error=False, executor='parallel', parallel_workers=12, event_handlers=None, ignore_user_meta=False, metas=['./colcon.meta'], base_paths=['.'], packages_ignore=None, packages_ignore_regex=None, paths=None, packages_up_to=None, packages_up_to_regex=None, packages_above=None, packages_above_and_dependencies=None, packages_above_depth=None, packages_select_by_dep=None, packages_skip_by_dep=None, packages_skip_up_to=None, packages_select_build_failed=False, packages_skip_build_finished=False, packages_select_test_failures=False, packages_skip_test_passed=False, packages_select=None, packages_skip=None, packages_select_regex=None, packages_skip_regex=None, packages_start=None, packages_end=None, allow_overriding=[], cmake_args=None, cmake_target=None, cmake_target_skip_unavailable=False, cmake_clean_cache=False, cmake_clean_first=False, cmake_force_configure=False, ament_cmake_args=None, catkin_cmake_args=None, catkin_skip_building_tests=False, verb_parser=<colcon_defaults.argument_parser.defaults.DefaultArgumentsDecorator object at 0x7a15044523b0>, verb_extension=<colcon_core.verb.build.BuildVerb object at 0x7a15045c6980>, main=<bound method BuildVerb.main of <colcon_core.verb.build.BuildVerb object at 0x7a15045c6980>>)
[0.259s] Level 1:colcon.colcon_core.package_discovery:discover_packages(colcon_meta) check parameters
[0.259s] Level 1:colcon.colcon_core.package_discovery:discover_packages(recursive) check parameters
[0.259s] Level 1:colcon.colcon_core.package_discovery:discover_packages(ignore) check parameters
[0.259s] Level 1:colcon.colcon_core.package_discovery:discover_packages(path) check parameters
[0.259s] Level 1:colcon.colcon_core.package_discovery:discover_packages(colcon_meta) discover
[0.259s] Level 1:colcon.colcon_core.package_discovery:discover_packages(recursive) discover
[0.259s] INFO:colcon.colcon_core.package_discovery:Crawling recursively for packages in '/home/seif/ros2_ws'
[0.259s] Level 1:colcon.colcon_core.package_identification:_identify(.) by extensions ['ignore', 'ignore_ament_install']
[0.259s] Level 1:colcon.colcon_core.package_identification:_identify(.) by extension 'ignore'
[0.259s] Level 1:colcon.colcon_core.package_identification:_identify(.) by extension 'ignore_ament_install'
[0.259s] Level 1:colcon.colcon_core.package_identification:_identify(.) by extensions ['colcon_pkg']
[0.259s] Level 1:colcon.colcon_core.package_identification:_identify(.) by extension 'colcon_pkg'
[0.259s] Level 1:colcon.colcon_core.package_identification:_identify(.) by extensions ['colcon_meta']
[0.259s] Level 1:colcon.colcon_core.package_identification:_identify(.) by extension 'colcon_meta'
[0.259s] Level 1:colcon.colcon_core.package_identification:_identify(.) by extensions ['ros']
[0.259s] Level 1:colcon.colcon_core.package_identification:_identify(.) by extension 'ros'
[0.268s] Level 1:colcon.colcon_core.package_identification:_identify(.) by extensions ['cmake', 'python']
[0.268s] Level 1:colcon.colcon_core.package_identification:_identify(.) by extension 'cmake'
[0.268s] Level 1:colcon.colcon_core.package_identification:_identify(.) by extension 'python'
[0.268s] Level 1:colcon.colcon_core.package_identification:_identify(.) by extensions ['python_setup_py']
[0.268s] Level 1:colcon.colcon_core.package_identification:_identify(.) by extension 'python_setup_py'
[0.268s] Level 1:colcon.colcon_core.package_identification:_identify(build) by extensions ['ignore', 'ignore_ament_install']
[0.269s] Level 1:colcon.colcon_core.package_identification:_identify(build) by extension 'ignore'
[0.269s] Level 1:colcon.colcon_core.package_identification:_identify(build) ignored
[0.269s] Level 1:colcon.colcon_core.package_identification:_identify(install) by extensions ['ignore', 'ignore_ament_install']
[0.269s] Level 1:colcon.colcon_core.package_identification:_identify(install) by extension 'ignore'
[0.269s] Level 1:colcon.colcon_core.package_identification:_identify(install) ignored
[0.269s] Level 1:colcon.colcon_core.package_identification:_identify(log) by extensions ['ignore', 'ignore_ament_install']
[0.269s] Level 1:colcon.colcon_core.package_identification:_identify(log) by extension 'ignore'
[0.269s] Level 1:colcon.colcon_core.package_identification:_identify(log) ignored
[0.270s] Level 1:colcon.colcon_core.package_identification:_identify(maps) by extensions ['ignore', 'ignore_ament_install']
[0.270s] Level 1:colcon.colcon_core.package_identification:_identify(maps) by extension 'ignore'
[0.270s] Level 1:colcon.colcon_core.package_identification:_identify(maps) by extension 'ignore_ament_install'
[0.270s] Level 1:colcon.colcon_core.package_identification:_identify(maps) by extensions ['colcon_pkg']
[0.270s] Level 1:colcon.colcon_core.package_identification:_identify(maps) by extension 'colcon_pkg'
[0.270s] Level 1:colcon.colcon_core.package_identification:_identify(maps) by extensions ['colcon_meta']
[0.270s] Level 1:colcon.colcon_core.package_identification:_identify(maps) by extension 'colcon_meta'
[0.270s] Level 1:colcon.colcon_core.package_identification:_identify(maps) by extensions ['ros']
[0.270s] Level 1:colcon.colcon_core.package_identification:_identify(maps) by extension 'ros'
[0.271s] Level 1:colcon.colcon_core.package_identification:_identify(maps) by extensions ['cmake', 'python']
[0.271s] Level 1:colcon.colcon_core.package_identification:_identify(maps) by extension 'cmake'
[0.271s] Level 1:colcon.colcon_core.package_identification:_identify(maps) by extension 'python'
[0.271s] Level 1:colcon.colcon_core.package_identification:_identify(maps) by extensions ['python_setup_py']
[0.271s] Level 1:colcon.colcon_core.package_identification:_identify(maps) by extension 'python_setup_py'
[0.271s] Level 1:colcon.colcon_core.package_identification:_identify(src) by extensions ['ignore', 'ignore_ament_install']
[0.271s] Level 1:colcon.colcon_core.package_identification:_identify(src) by extension 'ignore'
[0.271s] Level 1:colcon.colcon_core.package_identification:_identify(src) by extension 'ignore_ament_install'
[0.271s] Level 1:colcon.colcon_core.package_identification:_identify(src) by extensions ['colcon_pkg']
[0.271s] Level 1:colcon.colcon_core.package_identification:_identify(src) by extension 'colcon_pkg'
[0.271s] Level 1:colcon.colcon_core.package_identification:_identify(src) by extensions ['colcon_meta']
[0.271s] Level 1:colcon.colcon_core.package_identification:_identify(src) by extension 'colcon_meta'
[0.271s] Level 1:colcon.colcon_core.package_identification:_identify(src) by extensions ['ros']
[0.271s] Level 1:colcon.colcon_core.package_identification:_identify(src) by extension 'ros'
[0.271s] Level 1:colcon.colcon_core.package_identification:_identify(src) by extensions ['cmake', 'python']
[0.271s] Level 1:colcon.colcon_core.package_identification:_identify(src) by extension 'cmake'
[0.271s] Level 1:colcon.colcon_core.package_identification:_identify(src) by extension 'python'
[0.271s] Level 1:colcon.colcon_core.package_identification:_identify(src) by extensions ['python_setup_py']
[0.271s] Level 1:colcon.colcon_core.package_identification:_identify(src) by extension 'python_setup_py'
[0.271s] Level 1:colcon.colcon_core.package_identification:_identify(src/amcl_plotter) by extensions ['ignore', 'ignore_ament_install']
[0.271s] Level 1:colcon.colcon_core.package_identification:_identify(src/amcl_plotter) by extension 'ignore'
[0.271s] Level 1:colcon.colcon_core.package_identification:_identify(src/amcl_plotter) by extension 'ignore_ament_install'
[0.271s] Level 1:colcon.colcon_core.package_identification:_identify(src/amcl_plotter) by extensions ['colcon_pkg']
[0.271s] Level 1:colcon.colcon_core.package_identification:_identify(src/amcl_plotter) by extension 'colcon_pkg'
[0.272s] Level 1:colcon.colcon_core.package_identification:_identify(src/amcl_plotter) by extensions ['colcon_meta']
[0.272s] Level 1:colcon.colcon_core.package_identification:_identify(src/amcl_plotter) by extension 'colcon_meta'
[0.272s] Level 1:colcon.colcon_core.package_identification:_identify(src/amcl_plotter) by extensions ['ros']
[0.272s] Level 1:colcon.colcon_core.package_identification:_identify(src/amcl_plotter) by extension 'ros'
[0.273s] DEBUG:colcon.colcon_core.package_identification:Package 'src/amcl_plotter' with type 'ros.ament_python' and name 'amcl_plotter'
[0.274s] Level 1:colcon.colcon_core.package_identification:_identify(src/controller_pkg) by extensions ['ignore', 'ignore_ament_install']
[0.274s] Level 1:colcon.colcon_core.package_identification:_identify(src/controller_pkg) by extension 'ignore'
[0.274s] Level 1:colcon.colcon_core.package_identification:_identify(src/controller_pkg) by extension 'ignore_ament_install'
[0.274s] Level 1:colcon.colcon_core.package_identification:_identify(src/controller_pkg) by extensions ['colcon_pkg']
[0.274s] Level 1:colcon.colcon_core.package_identification:_identify(src/controller_pkg) by extension 'colcon_pkg'
[0.274s] Level 1:colcon.colcon_core.package_identification:_identify(src/controller_pkg) by extensions ['colcon_meta']
[0.274s] Level 1:colcon.colcon_core.package_identification:_identify(src/controller_pkg) by extension 'colcon_meta'
[0.274s] Level 1:colcon.colcon_core.package_identification:_identify(src/controller_pkg) by extensions ['ros']
[0.274s] Level 1:colcon.colcon_core.package_identification:_identify(src/controller_pkg) by extension 'ros'
[0.274s] DEBUG:colcon.colcon_core.package_identification:Package 'src/controller_pkg' with type 'ros.ament_python' and name 'controller_pkg'
[0.274s] Level 1:colcon.colcon_core.package_identification:_identify(src/my_amcl_node) by extensions ['ignore', 'ignore_ament_install']
[0.274s] Level 1:colcon.colcon_core.package_identification:_identify(src/my_amcl_node) by extension 'ignore'
[0.274s] Level 1:colcon.colcon_core.package_identification:_identify(src/my_amcl_node) by extension 'ignore_ament_install'
[0.274s] Level 1:colcon.colcon_core.package_identification:_identify(src/my_amcl_node) by extensions ['colcon_pkg']
[0.275s] Level 1:colcon.colcon_core.package_identification:_identify(src/my_amcl_node) by extension 'colcon_pkg'
[0.275s] Level 1:colcon.colcon_core.package_identification:_identify(src/my_amcl_node) by extensions ['colcon_meta']
[0.275s] Level 1:colcon.colcon_core.package_identification:_identify(src/my_amcl_node) by extension 'colcon_meta'
[0.275s] Level 1:colcon.colcon_core.package_identification:_identify(src/my_amcl_node) by extensions ['ros']
[0.275s] Level 1:colcon.colcon_core.package_identification:_identify(src/my_amcl_node) by extension 'ros'
[0.275s] DEBUG:colcon.colcon_core.package_identification:Package 'src/my_amcl_node' with type 'ros.ament_python' and name 'my_amcl_node'
[0.275s] Level 1:colcon.colcon_core.package_identification:_identify(src/planner_pkg) by extensions ['ignore', 'ignore_ament_install']
[0.276s] Level 1:colcon.colcon_core.package_identification:_identify(src/planner_pkg) by extension 'ignore'
[0.276s] Level 1:colcon.colcon_core.package_identification:_identify(src/planner_pkg) by extension 'ignore_ament_install'
[0.276s] Level 1:colcon.colcon_core.package_identification:_identify(src/planner_pkg) by extensions ['colcon_pkg']
[0.276s] Level 1:colcon.colcon_core.package_identification:_identify(src/planner_pkg) by extension 'colcon_pkg'
[0.276s] Level 1:colcon.colcon_core.package_identification:_identify(src/planner_pkg) by extensions ['colcon_meta']
[0.276s] Level 1:colcon.colcon_core.package_identification:_identify(src/planner_pkg) by extension 'colcon_meta'
[0.276s] Level 1:colcon.colcon_core.package_identification:_identify(src/planner_pkg) by extensions ['ros']
[0.276s] Level 1:colcon.colcon_core.package_identification:_identify(src/planner_pkg) by extension 'ros'
[0.276s] DEBUG:colcon.colcon_core.package_identification:Package 'src/planner_pkg' with type 'ros.ament_python' and name 'planner_pkg'
[0.276s] Level 1:colcon.colcon_core.package_discovery:discover_packages(recursive) using defaults
[0.276s] Level 1:colcon.colcon_core.package_discovery:discover_packages(ignore) discover
[0.276s] Level 1:colcon.colcon_core.package_discovery:discover_packages(ignore) using defaults
[0.276s] Level 1:colcon.colcon_core.package_discovery:discover_packages(path) discover
[0.277s] Level 1:colcon.colcon_core.package_discovery:discover_packages(path) using defaults
[0.302s] Level 1:colcon.colcon_core.package_discovery:discover_packages(prefix_path) check parameters
[0.302s] Level 1:colcon.colcon_core.package_discovery:discover_packages(prefix_path) discover
[0.305s] DEBUG:colcon.colcon_installed_package_information.package_discovery:Found 15 installed packages in /home/seif/turtlebot3_ws/install
[0.306s] DEBUG:colcon.colcon_installed_package_information.package_discovery:Found 4 installed packages in /home/seif/ros2_ws/install
[0.307s] DEBUG:colcon.colcon_installed_package_information.package_discovery:Found 389 installed packages in /opt/ros/humble
[0.309s] Level 1:colcon.colcon_core.package_discovery:discover_packages(prefix_path) using defaults
[0.361s] Level 5:colcon.colcon_core.verb:set package 'amcl_plotter' build argument 'cmake_args' from command line to 'None'
[0.361s] Level 5:colcon.colcon_core.verb:set package 'amcl_plotter' build argument 'cmake_target' from command line to 'None'
[0.361s] Level 5:colcon.colcon_core.verb:set package 'amcl_plotter' build argument 'cmake_target_skip_unavailable' from command line to 'False'
[0.361s] Level 5:colcon.colcon_core.verb:set package 'amcl_plotter' build argument 'cmake_clean_cache' from command line to 'False'
[0.361s] Level 5:colcon.colcon_core.verb:set package 'amcl_plotter' build argument 'cmake_clean_first' from command line to 'False'
[0.361s] Level 5:colcon.colcon_core.verb:set package 'amcl_plotter' build argument 'cmake_force_configure' from command line to 'False'
[0.361s] Level 5:colcon.colcon_core.verb:set package 'amcl_plotter' build argument 'ament_cmake_args' from command line to 'None'
[0.361s] Level 5:colcon.colcon_core.verb:set package 'amcl_plotter' build argument 'catkin_cmake_args' from command line to 'None'
[0.361s] Level 5:colcon.colcon_core.verb:set package 'amcl_plotter' build argument 'catkin_skip_building_tests' from command line to 'False'
[0.361s] DEBUG:colcon.colcon_core.verb:Building package 'amcl_plotter' with the following arguments: {'ament_cmake_args': None, 'build_base': '/home/seif/ros2_ws/build/amcl_plotter', 'catkin_cmake_args': None, 'catkin_skip_building_tests': False, 'cmake_args': None, 'cmake_clean_cache': False, 'cmake_clean_first': False, 'cmake_force_configure': False, 'cmake_target': None, 'cmake_target_skip_unavailable': False, 'install_base': '/home/seif/ros2_ws/install/amcl_plotter', 'merge_install': False, 'path': '/home/seif/ros2_ws/src/amcl_plotter', 'symlink_install': False, 'test_result_base': None}
[0.361s] Level 5:colcon.colcon_core.verb:set package 'controller_pkg' build argument 'cmake_args' from command line to 'None'
[0.361s] Level 5:colcon.colcon_core.verb:set package 'controller_pkg' build argument 'cmake_target' from command line to 'None'
[0.361s] Level 5:colcon.colcon_core.verb:set package 'controller_pkg' build argument 'cmake_target_skip_unavailable' from command line to 'False'
[0.361s] Level 5:colcon.colcon_core.verb:set package 'controller_pkg' build argument 'cmake_clean_cache' from command line to 'False'
[0.361s] Level 5:colcon.colcon_core.verb:set package 'controller_pkg' build argument 'cmake_clean_first' from command line to 'False'
[0.361s] Level 5:colcon.colcon_core.verb:set package 'controller_pkg' build argument 'cmake_force_configure' from command line to 'False'
[0.361s] Level 5:colcon.colcon_core.verb:set package 'controller_pkg' build argument 'ament_cmake_args' from command line to 'None'
[0.361s] Level 5:colcon.colcon_core.verb:set package 'controller_pkg' build argument 'catkin_cmake_args' from command line to 'None'
[0.361s] Level 5:colcon.colcon_core.verb:set package 'controller_pkg' build argument 'catkin_skip_building_tests' from command line to 'False'
[0.361s] DEBUG:colcon.colcon_core.verb:Building package 'controller_pkg' with the following arguments: {'ament_cmake_args': None, 'build_base': '/home/seif/ros2_ws/build/controller_pkg', 'catkin_cmake_args': None, 'catkin_skip_building_tests': False, 'cmake_args': None, 'cmake_clean_cache': False, 'cmake_clean_first': False, 'cmake_force_configure': False, 'cmake_target': None, 'cmake_target_skip_unavailable': False, 'install_base': '/home/seif/ros2_ws/install/controller_pkg', 'merge_install': False, 'path': '/home/seif/ros2_ws/src/controller_pkg', 'symlink_install': False, 'test_result_base': None}
[0.362s] Level 5:colcon.colcon_core.verb:set package 'my_amcl_node' build argument 'cmake_args' from command line to 'None'
[0.362s] Level 5:colcon.colcon_core.verb:set package 'my_amcl_node' build argument 'cmake_target' from command line to 'None'
[0.362s] Level 5:colcon.colcon_core.verb:set package 'my_amcl_node' build argument 'cmake_target_skip_unavailable' from command line to 'False'
[0.362s] Level 5:colcon.colcon_core.verb:set package 'my_amcl_node' build argument 'cmake_clean_cache' from command line to 'False'
[0.362s] Level 5:colcon.colcon_core.verb:set package 'my_amcl_node' build argument 'cmake_clean_first' from command line to 'False'
[0.362s] Level 5:colcon.colcon_core.verb:set package 'my_amcl_node' build argument 'cmake_force_configure' from command line to 'False'
[0.362s] Level 5:colcon.colcon_core.verb:set package 'my_amcl_node' build argument 'ament_cmake_args' from command line to 'None'
[0.362s] Level 5:colcon.colcon_core.verb:set package 'my_amcl_node' build argument 'catkin_cmake_args' from command line to 'None'
[0.362s] Level 5:colcon.colcon_core.verb:set package 'my_amcl_node' build argument 'catkin_skip_building_tests' from command line to 'False'
[0.362s] DEBUG:colcon.colcon_core.verb:Building package 'my_amcl_node' with the following arguments: {'ament_cmake_args': None, 'build_base': '/home/seif/ros2_ws/build/my_amcl_node', 'catkin_cmake_args': None, 'catkin_skip_building_tests': False, 'cmake_args': None, 'cmake_clean_cache': False, 'cmake_clean_first': False, 'cmake_force_configure': False, 'cmake_target': None, 'cmake_target_skip_unavailable': False, 'install_base': '/home/seif/ros2_ws/install/my_amcl_node', 'merge_install': False, 'path': '/home/seif/ros2_ws/src/my_amcl_node', 'symlink_install': False, 'test_result_base': None}
[0.362s] Level 5:colcon.colcon_core.verb:set package 'planner_pkg' build argument 'cmake_args' from command line to 'None'
[0.362s] Level 5:colcon.colcon_core.verb:set package 'planner_pkg' build argument 'cmake_target' from command line to 'None'
[0.362s] Level 5:colcon.colcon_core.verb:set package 'planner_pkg' build argument 'cmake_target_skip_unavailable' from command line to 'False'
[0.362s] Level 5:colcon.colcon_core.verb:set package 'planner_pkg' build argument 'cmake_clean_cache' from command line to 'False'
[0.362s] Level 5:colcon.colcon_core.verb:set package 'planner_pkg' build argument 'cmake_clean_first' from command line to 'False'
[0.362s] Level 5:colcon.colcon_core.verb:set package 'planner_pkg' build argument 'cmake_force_configure' from command line to 'False'
[0.362s] Level 5:colcon.colcon_core.verb:set package 'planner_pkg' build argument 'ament_cmake_args' from command line to 'None'
[0.362s] Level 5:colcon.colcon_core.verb:set package 'planner_pkg' build argument 'catkin_cmake_args' from command line to 'None'
[0.362s] Level 5:colcon.colcon_core.verb:set package 'planner_pkg' build argument 'catkin_skip_building_tests' from command line to 'False'
[0.363s] DEBUG:colcon.colcon_core.verb:Building package 'planner_pkg' with the following arguments: {'ament_cmake_args': None, 'build_base': '/home/seif/ros2_ws/build/planner_pkg', 'catkin_cmake_args': None, 'catkin_skip_building_tests': False, 'cmake_args': None, 'cmake_clean_cache': False, 'cmake_clean_first': False, 'cmake_force_configure': False, 'cmake_target': None, 'cmake_target_skip_unavailable': False, 'install_base': '/home/seif/ros2_ws/install/planner_pkg', 'merge_install': False, 'path': '/home/seif/ros2_ws/src/planner_pkg', 'symlink_install': False, 'test_result_base': None}
[0.363s] INFO:colcon.colcon_core.executor:Executing jobs using 'parallel' executor
[0.363s] DEBUG:colcon.colcon_parallel_executor.executor.parallel:run_until_complete
[0.364s] INFO:colcon.colcon_ros.task.ament_python.build:Building ROS package in '/home/seif/ros2_ws/src/amcl_plotter' with build type 'ament_python'
[0.364s] Level 1:colcon.colcon_core.shell:create_environment_hook('amcl_plotter', 'ament_prefix_path')
[0.367s] INFO:colcon.colcon_core.plugin_system:Skipping extension 'colcon_core.shell.bat': Not used on non-Windows systems
[0.367s] INFO:colcon.colcon_core.shell:Creating environment hook '/home/seif/ros2_ws/install/amcl_plotter/share/amcl_plotter/hook/ament_prefix_path.ps1'
[0.367s] INFO:colcon.colcon_core.shell:Creating environment descriptor '/home/seif/ros2_ws/install/amcl_plotter/share/amcl_plotter/hook/ament_prefix_path.dsv'
[0.368s] INFO:colcon.colcon_core.shell:Creating environment hook '/home/seif/ros2_ws/install/amcl_plotter/share/amcl_plotter/hook/ament_prefix_path.sh'
[0.369s] INFO:colcon.colcon_core.shell:Skip shell extension 'powershell' for command environment: Not usable outside of PowerShell
[0.369s] DEBUG:colcon.colcon_core.shell:Skip shell extension 'dsv' for command environment
[0.373s] INFO:colcon.colcon_ros.task.ament_python.build:Building ROS package in '/home/seif/ros2_ws/src/controller_pkg' with build type 'ament_python'
[0.373s] Level 1:colcon.colcon_core.shell:create_environment_hook('controller_pkg', 'ament_prefix_path')
[0.373s] INFO:colcon.colcon_core.shell:Creating environment hook '/home/seif/ros2_ws/install/controller_pkg/share/controller_pkg/hook/ament_prefix_path.ps1'
[0.374s] INFO:colcon.colcon_core.shell:Creating environment descriptor '/home/seif/ros2_ws/install/controller_pkg/share/controller_pkg/hook/ament_prefix_path.dsv'
[0.374s] INFO:colcon.colcon_core.shell:Creating environment hook '/home/seif/ros2_ws/install/controller_pkg/share/controller_pkg/hook/ament_prefix_path.sh'
[0.375s] INFO:colcon.colcon_core.shell:Skip shell extension 'powershell' for command environment: Not usable outside of PowerShell
[0.375s] DEBUG:colcon.colcon_core.shell:Skip shell extension 'dsv' for command environment
[0.379s] INFO:colcon.colcon_ros.task.ament_python.build:Building ROS package in '/home/seif/ros2_ws/src/my_amcl_node' with build type 'ament_python'
[0.379s] Level 1:colcon.colcon_core.shell:create_environment_hook('my_amcl_node', 'ament_prefix_path')
[0.379s] INFO:colcon.colcon_core.shell:Creating environment hook '/home/seif/ros2_ws/install/my_amcl_node/share/my_amcl_node/hook/ament_prefix_path.ps1'
[0.380s] INFO:colcon.colcon_core.shell:Creating environment descriptor '/home/seif/ros2_ws/install/my_amcl_node/share/my_amcl_node/hook/ament_prefix_path.dsv'
[0.380s] INFO:colcon.colcon_core.shell:Creating environment hook '/home/seif/ros2_ws/install/my_amcl_node/share/my_amcl_node/hook/ament_prefix_path.sh'
[0.380s] INFO:colcon.colcon_core.shell:Skip shell extension 'powershell' for command environment: Not usable outside of PowerShell
[0.380s] DEBUG:colcon.colcon_core.shell:Skip shell extension 'dsv' for command environment
[0.384s] INFO:colcon.colcon_ros.task.ament_python.build:Building ROS package in '/home/seif/ros2_ws/src/planner_pkg' with build type 'ament_python'
[0.385s] Level 1:colcon.colcon_core.shell:create_environment_hook('planner_pkg', 'ament_prefix_path')
[0.385s] INFO:colcon.colcon_core.shell:Creating environment hook '/home/seif/ros2_ws/install/planner_pkg/share/planner_pkg/hook/ament_prefix_path.ps1'
[0.385s] INFO:colcon.colcon_core.shell:Creating environment descriptor '/home/seif/ros2_ws/install/planner_pkg/share/planner_pkg/hook/ament_prefix_path.dsv'
[0.385s] INFO:colcon.colcon_core.shell:Creating environment hook '/home/seif/ros2_ws/install/planner_pkg/share/planner_pkg/hook/ament_prefix_path.sh'
[0.386s] INFO:colcon.colcon_core.shell:Skip shell extension 'powershell' for command environment: Not usable outside of PowerShell
[0.386s] DEBUG:colcon.colcon_core.shell:Skip shell extension 'dsv' for command environment
[0.626s] INFO:colcon.colcon_core.task.python.build:Building Python package in '/home/seif/ros2_ws/src/amcl_plotter'
[0.626s] INFO:colcon.colcon_core.shell:Skip shell extension 'powershell' for command environment: Not usable outside of PowerShell
[0.626s] DEBUG:colcon.colcon_core.shell:Skip shell extension 'dsv' for command environment
[0.862s] INFO:colcon.colcon_core.task.python.build:Building Python package in '/home/seif/ros2_ws/src/controller_pkg'
[0.862s] INFO:colcon.colcon_core.shell:Skip shell extension 'powershell' for command environment: Not usable outside of PowerShell
[0.862s] DEBUG:colcon.colcon_core.shell:Skip shell extension 'dsv' for command environment
[1.093s] INFO:colcon.colcon_core.task.python.build:Building Python package in '/home/seif/ros2_ws/src/my_amcl_node'
[1.093s] INFO:colcon.colcon_core.shell:Skip shell extension 'powershell' for command environment: Not usable outside of PowerShell
[1.093s] DEBUG:colcon.colcon_core.shell:Skip shell extension 'dsv' for command environment
[1.323s] INFO:colcon.colcon_core.task.python.build:Building Python package in '/home/seif/ros2_ws/src/planner_pkg'
[1.324s] INFO:colcon.colcon_core.shell:Skip shell extension 'powershell' for command environment: Not usable outside of PowerShell
[1.324s] DEBUG:colcon.colcon_core.shell:Skip shell extension 'dsv' for command environment
[1.738s] DEBUG:colcon.colcon_core.event_handler.log_command:Invoking command in '/home/seif/ros2_ws/src/controller_pkg': PYTHONPATH=/home/seif/ros2_ws/build/controller_pkg/prefix_override:/usr/lib/python3/dist-packages/colcon_core/task/python/colcon_distutils_commands:/home/seif/ros2_ws/install/controller_pkg/lib/python3.10/site-packages:${PYTHONPATH} /usr/bin/python3 -W ignore:setup.py install is deprecated -W ignore:easy_install command is deprecated setup.py egg_info --egg-base ../../build/controller_pkg build --build-base /home/seif/ros2_ws/build/controller_pkg/build install --record /home/seif/ros2_ws/build/controller_pkg/install.log --single-version-externally-managed install_data
[1.741s] DEBUG:colcon.colcon_core.event_handler.log_command:Invoking command in '/home/seif/ros2_ws/src/planner_pkg': PYTHONPATH=/home/seif/ros2_ws/build/planner_pkg/prefix_override:/usr/lib/python3/dist-packages/colcon_core/task/python/colcon_distutils_commands:/home/seif/ros2_ws/install/planner_pkg/lib/python3.10/site-packages:${PYTHONPATH} /usr/bin/python3 -W ignore:setup.py install is deprecated -W ignore:easy_install command is deprecated setup.py egg_info --egg-base ../../build/planner_pkg build --build-base /home/seif/ros2_ws/build/planner_pkg/build install --record /home/seif/ros2_ws/build/planner_pkg/install.log --single-version-externally-managed install_data
[1.746s] DEBUG:colcon.colcon_core.event_handler.log_command:Invoking command in '/home/seif/ros2_ws/src/my_amcl_node': PYTHONPATH=/home/seif/ros2_ws/build/my_amcl_node/prefix_override:/usr/lib/python3/dist-packages/colcon_core/task/python/colcon_distutils_commands:/home/seif/ros2_ws/install/my_amcl_node/lib/python3.10/site-packages:${PYTHONPATH} /usr/bin/python3 -W ignore:setup.py install is deprecated -W ignore:easy_install command is deprecated setup.py egg_info --egg-base ../../build/my_amcl_node build --build-base /home/seif/ros2_ws/build/my_amcl_node/build install --record /home/seif/ros2_ws/build/my_amcl_node/install.log --single-version-externally-managed install_data
[1.747s] DEBUG:colcon.colcon_core.event_handler.log_command:Invoking command in '/home/seif/ros2_ws/src/amcl_plotter': PYTHONPATH=/home/seif/ros2_ws/build/amcl_plotter/prefix_override:/usr/lib/python3/dist-packages/colcon_core/task/python/colcon_distutils_commands:/home/seif/ros2_ws/install/amcl_plotter/lib/python3.10/site-packages:${PYTHONPATH} /usr/bin/python3 -W ignore:setup.py install is deprecated -W ignore:easy_install command is deprecated setup.py egg_info --egg-base ../../build/amcl_plotter build --build-base /home/seif/ros2_ws/build/amcl_plotter/build install --record /home/seif/ros2_ws/build/amcl_plotter/install.log --single-version-externally-managed install_data
[2.045s] DEBUG:colcon.colcon_core.event_handler.log_command:Invoked command in '/home/seif/ros2_ws/src/my_amcl_node' returned '0': PYTHONPATH=/home/seif/ros2_ws/build/my_amcl_node/prefix_override:/usr/lib/python3/dist-packages/colcon_core/task/python/colcon_distutils_commands:/home/seif/ros2_ws/install/my_amcl_node/lib/python3.10/site-packages:${PYTHONPATH} /usr/bin/python3 -W ignore:setup.py install is deprecated -W ignore:easy_install command is deprecated setup.py egg_info --egg-base ../../build/my_amcl_node build --build-base /home/seif/ros2_ws/build/my_amcl_node/build install --record /home/seif/ros2_ws/build/my_amcl_node/install.log --single-version-externally-managed install_data
[2.049s] Level 1:colcon.colcon_core.environment:checking '/home/seif/ros2_ws/install/my_amcl_node' for CMake module files
[2.049s] Level 1:colcon.colcon_core.environment:checking '/home/seif/ros2_ws/install/my_amcl_node' for CMake config files
[2.050s] Level 1:colcon.colcon_core.environment:checking '/home/seif/ros2_ws/install/my_amcl_node/lib'
[2.050s] Level 1:colcon.colcon_core.environment:checking '/home/seif/ros2_ws/install/my_amcl_node/bin'
[2.050s] Level 1:colcon.colcon_core.environment:checking '/home/seif/ros2_ws/install/my_amcl_node/lib/pkgconfig/my_amcl_node.pc'
[2.051s] Level 1:colcon.colcon_core.environment:checking '/home/seif/ros2_ws/install/my_amcl_node/lib/python3.10/site-packages'
[2.051s] Level 1:colcon.colcon_core.shell:create_environment_hook('my_amcl_node', 'pythonpath')
[2.051s] INFO:colcon.colcon_core.shell:Creating environment hook '/home/seif/ros2_ws/install/my_amcl_node/share/my_amcl_node/hook/pythonpath.ps1'
[2.052s] INFO:colcon.colcon_core.shell:Creating environment descriptor '/home/seif/ros2_ws/install/my_amcl_node/share/my_amcl_node/hook/pythonpath.dsv'
[2.052s] INFO:colcon.colcon_core.shell:Creating environment hook '/home/seif/ros2_ws/install/my_amcl_node/share/my_amcl_node/hook/pythonpath.sh'
[2.053s] Level 1:colcon.colcon_core.environment:checking '/home/seif/ros2_ws/install/my_amcl_node/bin'
[2.053s] Level 1:colcon.colcon_core.environment:create_environment_scripts_only(my_amcl_node)
[2.053s] INFO:colcon.colcon_core.shell:Creating package script '/home/seif/ros2_ws/install/my_amcl_node/share/my_amcl_node/package.ps1'
[2.054s] INFO:colcon.colcon_core.shell:Creating package descriptor '/home/seif/ros2_ws/install/my_amcl_node/share/my_amcl_node/package.dsv'
[2.055s] INFO:colcon.colcon_core.shell:Creating package script '/home/seif/ros2_ws/install/my_amcl_node/share/my_amcl_node/package.sh'
[2.056s] INFO:colcon.colcon_core.shell:Creating package script '/home/seif/ros2_ws/install/my_amcl_node/share/my_amcl_node/package.bash'
[2.056s] INFO:colcon.colcon_core.shell:Creating package script '/home/seif/ros2_ws/install/my_amcl_node/share/my_amcl_node/package.zsh'
[2.057s] Level 1:colcon.colcon_core.environment:create_file_with_runtime_dependencies(/home/seif/ros2_ws/install/my_amcl_node/share/colcon-core/packages/my_amcl_node)
[2.059s] Level 1:colcon.colcon_core.environment:checking '/home/seif/ros2_ws/install/controller_pkg' for CMake module files
[2.059s] DEBUG:colcon.colcon_core.event_handler.log_command:Invoked command in '/home/seif/ros2_ws/src/controller_pkg' returned '0': PYTHONPATH=/home/seif/ros2_ws/build/controller_pkg/prefix_override:/usr/lib/python3/dist-packages/colcon_core/task/python/colcon_distutils_commands:/home/seif/ros2_ws/install/controller_pkg/lib/python3.10/site-packages:${PYTHONPATH} /usr/bin/python3 -W ignore:setup.py install is deprecated -W ignore:easy_install command is deprecated setup.py egg_info --egg-base ../../build/controller_pkg build --build-base /home/seif/ros2_ws/build/controller_pkg/build install --record /home/seif/ros2_ws/build/controller_pkg/install.log --single-version-externally-managed install_data
[2.060s] Level 1:colcon.colcon_core.environment:checking '/home/seif/ros2_ws/install/controller_pkg' for CMake config files
[2.060s] Level 1:colcon.colcon_core.environment:checking '/home/seif/ros2_ws/install/controller_pkg/lib'
[2.060s] Level 1:colcon.colcon_core.environment:checking '/home/seif/ros2_ws/install/controller_pkg/bin'
[2.060s] Level 1:colcon.colcon_core.environment:checking '/home/seif/ros2_ws/install/controller_pkg/lib/pkgconfig/controller_pkg.pc'
[2.061s] Level 1:colcon.colcon_core.environment:checking '/home/seif/ros2_ws/install/controller_pkg/lib/python3.10/site-packages'
[2.061s] Level 1:colcon.colcon_core.shell:create_environment_hook('controller_pkg', 'pythonpath')
[2.061s] INFO:colcon.colcon_core.shell:Creating environment hook '/home/seif/ros2_ws/install/controller_pkg/share/controller_pkg/hook/pythonpath.ps1'
[2.061s] INFO:colcon.colcon_core.shell:Creating environment descriptor '/home/seif/ros2_ws/install/controller_pkg/share/controller_pkg/hook/pythonpath.dsv'
[2.062s] INFO:colcon.colcon_core.shell:Creating environment hook '/home/seif/ros2_ws/install/controller_pkg/share/controller_pkg/hook/pythonpath.sh'
[2.062s] Level 1:colcon.colcon_core.environment:checking '/home/seif/ros2_ws/install/controller_pkg/bin'
[2.062s] Level 1:colcon.colcon_core.environment:create_environment_scripts_only(controller_pkg)
[2.063s] INFO:colcon.colcon_core.shell:Creating package script '/home/seif/ros2_ws/install/controller_pkg/share/controller_pkg/package.ps1'
[2.063s] INFO:colcon.colcon_core.shell:Creating package descriptor '/home/seif/ros2_ws/install/controller_pkg/share/controller_pkg/package.dsv'
[2.064s] INFO:colcon.colcon_core.shell:Creating package script '/home/seif/ros2_ws/install/controller_pkg/share/controller_pkg/package.sh'
[2.064s] INFO:colcon.colcon_core.shell:Creating package script '/home/seif/ros2_ws/install/controller_pkg/share/controller_pkg/package.bash'
[2.065s] INFO:colcon.colcon_core.shell:Creating package script '/home/seif/ros2_ws/install/controller_pkg/share/controller_pkg/package.zsh'
[2.065s] Level 1:colcon.colcon_core.environment:create_file_with_runtime_dependencies(/home/seif/ros2_ws/install/controller_pkg/share/colcon-core/packages/controller_pkg)
[2.067s] Level 1:colcon.colcon_core.environment:checking '/home/seif/ros2_ws/install/amcl_plotter' for CMake module files
[2.067s] DEBUG:colcon.colcon_core.event_handler.log_command:Invoked command in '/home/seif/ros2_ws/src/amcl_plotter' returned '0': PYTHONPATH=/home/seif/ros2_ws/build/amcl_plotter/prefix_override:/usr/lib/python3/dist-packages/colcon_core/task/python/colcon_distutils_commands:/home/seif/ros2_ws/install/amcl_plotter/lib/python3.10/site-packages:${PYTHONPATH} /usr/bin/python3 -W ignore:setup.py install is deprecated -W ignore:easy_install command is deprecated setup.py egg_info --egg-base ../../build/amcl_plotter build --build-base /home/seif/ros2_ws/build/amcl_plotter/build install --record /home/seif/ros2_ws/build/amcl_plotter/install.log --single-version-externally-managed install_data
[2.068s] Level 1:colcon.colcon_core.environment:checking '/home/seif/ros2_ws/install/amcl_plotter' for CMake config files
[2.068s] Level 1:colcon.colcon_core.environment:checking '/home/seif/ros2_ws/install/amcl_plotter/lib'
[2.068s] Level 1:colcon.colcon_core.environment:checking '/home/seif/ros2_ws/install/amcl_plotter/bin'
[2.068s] Level 1:colcon.colcon_core.environment:checking '/home/seif/ros2_ws/install/amcl_plotter/lib/pkgconfig/amcl_plotter.pc'
[2.068s] Level 1:colcon.colcon_core.environment:checking '/home/seif/ros2_ws/install/amcl_plotter/lib/python3.10/site-packages'
[2.069s] Level 1:colcon.colcon_core.shell:create_environment_hook('amcl_plotter', 'pythonpath')
[2.069s] INFO:colcon.colcon_core.shell:Creating environment hook '/home/seif/ros2_ws/install/amcl_plotter/share/amcl_plotter/hook/pythonpath.ps1'
[2.069s] INFO:colcon.colcon_core.shell:Creating environment descriptor '/home/seif/ros2_ws/install/amcl_plotter/share/amcl_plotter/hook/pythonpath.dsv'
[2.070s] INFO:colcon.colcon_core.shell:Creating environment hook '/home/seif/ros2_ws/install/amcl_plotter/share/amcl_plotter/hook/pythonpath.sh'
[2.070s] Level 1:colcon.colcon_core.environment:checking '/home/seif/ros2_ws/install/amcl_plotter/bin'
[2.070s] Level 1:colcon.colcon_core.environment:create_environment_scripts_only(amcl_plotter)
[2.071s] INFO:colcon.colcon_core.shell:Creating package script '/home/seif/ros2_ws/install/amcl_plotter/share/amcl_plotter/package.ps1'
[2.071s] INFO:colcon.colcon_core.shell:Creating package descriptor '/home/seif/ros2_ws/install/amcl_plotter/share/amcl_plotter/package.dsv'
[2.072s] INFO:colcon.colcon_core.shell:Creating package script '/home/seif/ros2_ws/install/amcl_plotter/share/amcl_plotter/package.sh'
[2.072s] INFO:colcon.colcon_core.shell:Creating package script '/home/seif/ros2_ws/install/amcl_plotter/share/amcl_plotter/package.bash'
[2.072s] INFO:colcon.colcon_core.shell:Creating package script '/home/seif/ros2_ws/install/amcl_plotter/share/amcl_plotter/package.zsh'
[2.073s] Level 1:colcon.colcon_core.environment:create_file_with_runtime_dependencies(/home/seif/ros2_ws/install/amcl_plotter/share/colcon-core/packages/amcl_plotter)
[2.074s] Level 1:colcon.colcon_core.environment:checking '/home/seif/ros2_ws/install/planner_pkg' for CMake module files
[2.075s] DEBUG:colcon.colcon_core.event_handler.log_command:Invoked command in '/home/seif/ros2_ws/src/planner_pkg' returned '0': PYTHONPATH=/home/seif/ros2_ws/build/planner_pkg/prefix_override:/usr/lib/python3/dist-packages/colcon_core/task/python/colcon_distutils_commands:/home/seif/ros2_ws/install/planner_pkg/lib/python3.10/site-packages:${PYTHONPATH} /usr/bin/python3 -W ignore:setup.py install is deprecated -W ignore:easy_install command is deprecated setup.py egg_info --egg-base ../../build/planner_pkg build --build-base /home/seif/ros2_ws/build/planner_pkg/build install --record /home/seif/ros2_ws/build/planner_pkg/install.log --single-version-externally-managed install_data
[2.075s] Level 1:colcon.colcon_core.environment:checking '/home/seif/ros2_ws/install/planner_pkg' for CMake config files
[2.075s] Level 1:colcon.colcon_core.environment:checking '/home/seif/ros2_ws/install/planner_pkg/lib'
[2.076s] Level 1:colcon.colcon_core.environment:checking '/home/seif/ros2_ws/install/planner_pkg/bin'
[2.076s] Level 1:colcon.colcon_core.environment:checking '/home/seif/ros2_ws/install/planner_pkg/lib/pkgconfig/planner_pkg.pc'
[2.076s] Level 1:colcon.colcon_core.environment:checking '/home/seif/ros2_ws/install/planner_pkg/lib/python3.10/site-packages'
[2.076s] Level 1:colcon.colcon_core.shell:create_environment_hook('planner_pkg', 'pythonpath')
[2.076s] INFO:colcon.colcon_core.shell:Creating environment hook '/home/seif/ros2_ws/install/planner_pkg/share/planner_pkg/hook/pythonpath.ps1'
[2.077s] INFO:colcon.colcon_core.shell:Creating environment descriptor '/home/seif/ros2_ws/install/planner_pkg/share/planner_pkg/hook/pythonpath.dsv'
[2.077s] INFO:colcon.colcon_core.shell:Creating environment hook '/home/seif/ros2_ws/install/planner_pkg/share/planner_pkg/hook/pythonpath.sh'
[2.077s] Level 1:colcon.colcon_core.environment:checking '/home/seif/ros2_ws/install/planner_pkg/bin'
[2.078s] Level 1:colcon.colcon_core.environment:create_environment_scripts_only(planner_pkg)
[2.078s] INFO:colcon.colcon_core.shell:Creating package script '/home/seif/ros2_ws/install/planner_pkg/share/planner_pkg/package.ps1'
[2.078s] INFO:colcon.colcon_core.shell:Creating package descriptor '/home/seif/ros2_ws/install/planner_pkg/share/planner_pkg/package.dsv'
[2.079s] INFO:colcon.colcon_core.shell:Creating package script '/home/seif/ros2_ws/install/planner_pkg/share/planner_pkg/package.sh'
[2.079s] INFO:colcon.colcon_core.shell:Creating package script '/home/seif/ros2_ws/install/planner_pkg/share/planner_pkg/package.bash'
[2.080s] INFO:colcon.colcon_core.shell:Creating package script '/home/seif/ros2_ws/install/planner_pkg/share/planner_pkg/package.zsh'
[2.080s] Level 1:colcon.colcon_core.environment:create_file_with_runtime_dependencies(/home/seif/ros2_ws/install/planner_pkg/share/colcon-core/packages/planner_pkg)
[2.080s] DEBUG:colcon.colcon_parallel_executor.executor.parallel:closing loop
[2.080s] DEBUG:colcon.colcon_parallel_executor.executor.parallel:loop closed
[2.081s] DEBUG:colcon.colcon_parallel_executor.executor.parallel:run_until_complete finished with '0'
[2.081s] DEBUG:colcon.colcon_core.event_reactor:joining thread
[2.086s] INFO:colcon.colcon_core.plugin_system:Skipping extension 'colcon_notification.desktop_notification.terminal_notifier': Not used on non-Darwin systems
[2.086s] INFO:colcon.colcon_core.plugin_system:Skipping extension 'colcon_notification.desktop_notification.win32': Not used on non-Windows systems
[2.086s] INFO:colcon.colcon_notification.desktop_notification:Sending desktop notification using 'notify2'
[2.101s] DEBUG:colcon.colcon_core.event_reactor:joined thread
[2.101s] INFO:colcon.colcon_core.shell:Creating prefix script '/home/seif/ros2_ws/install/local_setup.ps1'
[2.102s] INFO:colcon.colcon_core.shell:Creating prefix util module '/home/seif/ros2_ws/install/_local_setup_util_ps1.py'
[2.104s] INFO:colcon.colcon_core.shell:Creating prefix chain script '/home/seif/ros2_ws/install/setup.ps1'
[2.105s] INFO:colcon.colcon_core.shell:Creating prefix script '/home/seif/ros2_ws/install/local_setup.sh'
[2.106s] INFO:colcon.colcon_core.shell:Creating prefix util module '/home/seif/ros2_ws/install/_local_setup_util_sh.py'
[2.107s] INFO:colcon.colcon_core.shell:Creating prefix chain script '/home/seif/ros2_ws/install/setup.sh'
[2.108s] INFO:colcon.colcon_core.shell:Creating prefix script '/home/seif/ros2_ws/install/local_setup.bash'
[2.109s] INFO:colcon.colcon_core.shell:Creating prefix chain script '/home/seif/ros2_ws/install/setup.bash'
[2.110s] INFO:colcon.colcon_core.shell:Creating prefix script '/home/seif/ros2_ws/install/local_setup.zsh'
[2.111s] INFO:colcon.colcon_core.shell:Creating prefix chain script '/home/seif/ros2_ws/install/setup.zsh'
