running egg_info
writing ../../build/planner_pkg/planner_pkg.egg-info/PKG-INFO
writing dependency_links to ../../build/planner_pkg/planner_pkg.egg-info/dependency_links.txt
writing entry points to ../../build/planner_pkg/planner_pkg.egg-info/entry_points.txt
writing requirements to ../../build/planner_pkg/planner_pkg.egg-info/requires.txt
writing top-level names to ../../build/planner_pkg/planner_pkg.egg-info/top_level.txt
reading manifest file '../../build/planner_pkg/planner_pkg.egg-info/SOURCES.txt'
writing manifest file '../../build/planner_pkg/planner_pkg.egg-info/SOURCES.txt'
running build
running build_py
copying planner_pkg/astar_node.py -> /home/seif/ros2_ws/build/planner_pkg/build/lib/planner_pkg
copying planner_pkg/dwa_node.py -> /home/seif/ros2_ws/build/planner_pkg/build/lib/planner_pkg
running install
running install_lib
copying /home/seif/ros2_ws/build/planner_pkg/build/lib/planner_pkg/astar_node.py -> /home/seif/ros2_ws/install/planner_pkg/lib/python3.10/site-packages/planner_pkg
copying /home/seif/ros2_ws/build/planner_pkg/build/lib/planner_pkg/dwa_node.py -> /home/seif/ros2_ws/install/planner_pkg/lib/python3.10/site-packages/planner_pkg
byte-compiling /home/seif/ros2_ws/install/planner_pkg/lib/python3.10/site-packages/planner_pkg/astar_node.py to astar_node.cpython-310.pyc
byte-compiling /home/seif/ros2_ws/install/planner_pkg/lib/python3.10/site-packages/planner_pkg/dwa_node.py to dwa_node.cpython-310.pyc
running install_data
running install_egg_info
removing '/home/seif/ros2_ws/install/planner_pkg/lib/python3.10/site-packages/planner_pkg-0.0.0-py3.10.egg-info' (and everything under it)
Copying ../../build/planner_pkg/planner_pkg.egg-info to /home/seif/ros2_ws/install/planner_pkg/lib/python3.10/site-packages/planner_pkg-0.0.0-py3.10.egg-info
running install_scripts
Installing astar_node script to /home/seif/ros2_ws/install/planner_pkg/lib/planner_pkg
writing list of installed files to '/home/seif/ros2_ws/build/planner_pkg/install.log'
