[3.162s] Invoking command in '/home/seif/ros2_ws/src/controller_pkg': PYTHONPATH=/home/seif/ros2_ws/build/controller_pkg/prefix_override:/usr/lib/python3/dist-packages/colcon_core/task/python/colcon_distutils_commands:/home/seif/ros2_ws/install/controller_pkg/lib/python3.10/site-packages:${PYTHONPATH} /usr/bin/python3 -W ignore:setup.py install is deprecated -W ignore:easy_install command is deprecated setup.py egg_info --egg-base ../../build/controller_pkg build --build-base /home/seif/ros2_ws/build/controller_pkg/build install --record /home/seif/ros2_ws/build/controller_pkg/install.log --single-version-externally-managed install_data
[3.970s] running egg_info
[3.973s] writing ../../build/controller_pkg/controller_pkg.egg-info/PKG-INFO
[3.973s] writing dependency_links to ../../build/controller_pkg/controller_pkg.egg-info/dependency_links.txt
[3.974s] writing entry points to ../../build/controller_pkg/controller_pkg.egg-info/entry_points.txt
[3.974s] writing requirements to ../../build/controller_pkg/controller_pkg.egg-info/requires.txt
[3.975s] writing top-level names to ../../build/controller_pkg/controller_pkg.egg-info/top_level.txt
[3.982s] reading manifest file '../../build/controller_pkg/controller_pkg.egg-info/SOURCES.txt'
[3.985s] writing manifest file '../../build/controller_pkg/controller_pkg.egg-info/SOURCES.txt'
[3.986s] running build
[3.986s] running build_py
[3.986s] running install
[3.987s] running install_lib
[3.995s] running install_data
[3.995s] running install_egg_info
[3.999s] removing '/home/seif/ros2_ws/install/controller_pkg/lib/python3.10/site-packages/controller_pkg-0.0.0-py3.10.egg-info' (and everything under it)
[4.000s] Copying ../../build/controller_pkg/controller_pkg.egg-info to /home/seif/ros2_ws/install/controller_pkg/lib/python3.10/site-packages/controller_pkg-0.0.0-py3.10.egg-info
[4.003s] running install_scripts
[4.075s] Installing controller_node script to /home/seif/ros2_ws/install/controller_pkg/lib/controller_pkg
[4.076s] writing list of installed files to '/home/seif/ros2_ws/build/controller_pkg/install.log'
[4.136s] Invoked command in '/home/seif/ros2_ws/src/controller_pkg' returned '0': PYTHONPATH=/home/seif/ros2_ws/build/controller_pkg/prefix_override:/usr/lib/python3/dist-packages/colcon_core/task/python/colcon_distutils_commands:/home/seif/ros2_ws/install/controller_pkg/lib/python3.10/site-packages:${PYTHONPATH} /usr/bin/python3 -W ignore:setup.py install is deprecated -W ignore:easy_install command is deprecated setup.py egg_info --egg-base ../../build/controller_pkg build --build-base /home/seif/ros2_ws/build/controller_pkg/build install --record /home/seif/ros2_ws/build/controller_pkg/install.log --single-version-externally-managed install_data
