[6.276s] Invoking command in '/home/seif/ros2_ws/src/planner_pkg': PYTHONPATH=/home/seif/ros2_ws/build/planner_pkg/prefix_override:/usr/lib/python3/dist-packages/colcon_core/task/python/colcon_distutils_commands:/home/seif/ros2_ws/install/planner_pkg/lib/python3.10/site-packages:${PYTHONPATH} /usr/bin/python3 -W ignore:setup.py install is deprecated -W ignore:easy_install command is deprecated setup.py egg_info --egg-base ../../build/planner_pkg build --build-base /home/seif/ros2_ws/build/planner_pkg/build install --record /home/seif/ros2_ws/build/planner_pkg/install.log --single-version-externally-managed install_data
[7.616s] running egg_info
[7.621s] writing ../../build/planner_pkg/planner_pkg.egg-info/PKG-INFO
[7.625s] writing dependency_links to ../../build/planner_pkg/planner_pkg.egg-info/dependency_links.txt
[7.626s] writing entry points to ../../build/planner_pkg/planner_pkg.egg-info/entry_points.txt
[7.627s] writing requirements to ../../build/planner_pkg/planner_pkg.egg-info/requires.txt
[7.627s] writing top-level names to ../../build/planner_pkg/planner_pkg.egg-info/top_level.txt
[7.631s] reading manifest file '../../build/planner_pkg/planner_pkg.egg-info/SOURCES.txt'
[7.636s] writing manifest file '../../build/planner_pkg/planner_pkg.egg-info/SOURCES.txt'
[7.636s] running build
[7.640s] running build_py
[7.641s] copying planner_pkg/astar_node.py -> /home/seif/ros2_ws/build/planner_pkg/build/lib/planner_pkg
[7.642s] running install
[7.643s] running install_lib
[7.649s] copying /home/seif/ros2_ws/build/planner_pkg/build/lib/planner_pkg/astar_node.py -> /home/seif/ros2_ws/install/planner_pkg/lib/python3.10/site-packages/planner_pkg
[7.652s] byte-compiling /home/seif/ros2_ws/install/planner_pkg/lib/python3.10/site-packages/planner_pkg/astar_node.py to astar_node.cpython-310.pyc
[7.659s] running install_data
[7.662s] running install_egg_info
[7.670s] removing '/home/seif/ros2_ws/install/planner_pkg/lib/python3.10/site-packages/planner_pkg-0.0.0-py3.10.egg-info' (and everything under it)
[7.673s] Copying ../../build/planner_pkg/planner_pkg.egg-info to /home/seif/ros2_ws/install/planner_pkg/lib/python3.10/site-packages/planner_pkg-0.0.0-py3.10.egg-info
[7.676s] running install_scripts
[7.792s] Installing astar_node script to /home/seif/ros2_ws/install/planner_pkg/lib/planner_pkg
[7.793s] Installing dwa_node script to /home/seif/ros2_ws/install/planner_pkg/lib/planner_pkg
[7.794s] writing list of installed files to '/home/seif/ros2_ws/build/planner_pkg/install.log'
[7.902s] Invoked command in '/home/seif/ros2_ws/src/planner_pkg' returned '0': PYTHONPATH=/home/seif/ros2_ws/build/planner_pkg/prefix_override:/usr/lib/python3/dist-packages/colcon_core/task/python/colcon_distutils_commands:/home/seif/ros2_ws/install/planner_pkg/lib/python3.10/site-packages:${PYTHONPATH} /usr/bin/python3 -W ignore:setup.py install is deprecated -W ignore:easy_install command is deprecated setup.py egg_info --egg-base ../../build/planner_pkg build --build-base /home/seif/ros2_ws/build/planner_pkg/build install --record /home/seif/ros2_ws/build/planner_pkg/install.log --single-version-externally-managed install_data
