[6.378s] Invoking command in '/home/seif/ros2_ws/src/my_amcl_node': PYTHONPATH=/home/seif/ros2_ws/build/my_amcl_node/prefix_override:/usr/lib/python3/dist-packages/colcon_core/task/python/colcon_distutils_commands:/home/seif/ros2_ws/install/my_amcl_node/lib/python3.10/site-packages:${PYTHONPATH} /usr/bin/python3 -W ignore:setup.py install is deprecated -W ignore:easy_install command is deprecated setup.py egg_info --egg-base ../../build/my_amcl_node build --build-base /home/seif/ros2_ws/build/my_amcl_node/build install --record /home/seif/ros2_ws/build/my_amcl_node/install.log --single-version-externally-managed install_data
[7.587s] running egg_info
[7.591s] writing ../../build/my_amcl_node/my_amcl_node.egg-info/PKG-INFO
[7.591s] writing dependency_links to ../../build/my_amcl_node/my_amcl_node.egg-info/dependency_links.txt
[7.592s] writing entry points to ../../build/my_amcl_node/my_amcl_node.egg-info/entry_points.txt
[7.593s] writing requirements to ../../build/my_amcl_node/my_amcl_node.egg-info/requires.txt
[7.594s] writing top-level names to ../../build/my_amcl_node/my_amcl_node.egg-info/top_level.txt
[7.601s] reading manifest file '../../build/my_amcl_node/my_amcl_node.egg-info/SOURCES.txt'
[7.609s] writing manifest file '../../build/my_amcl_node/my_amcl_node.egg-info/SOURCES.txt'
[7.609s] running build
[7.609s] running build_py
[7.610s] running install
[7.611s] running install_lib
[7.622s] running install_data
[7.623s] running install_egg_info
[7.636s] removing '/home/seif/ros2_ws/install/my_amcl_node/lib/python3.10/site-packages/my_amcl_node-0.0.0-py3.10.egg-info' (and everything under it)
[7.639s] Copying ../../build/my_amcl_node/my_amcl_node.egg-info to /home/seif/ros2_ws/install/my_amcl_node/lib/python3.10/site-packages/my_amcl_node-0.0.0-py3.10.egg-info
[7.642s] running install_scripts
[7.765s] Installing amcl_node script to /home/seif/ros2_ws/install/my_amcl_node/lib/my_amcl_node
[7.766s] writing list of installed files to '/home/seif/ros2_ws/build/my_amcl_node/install.log'
[7.875s] Invoked command in '/home/seif/ros2_ws/src/my_amcl_node' returned '0': PYTHONPATH=/home/seif/ros2_ws/build/my_amcl_node/prefix_override:/usr/lib/python3/dist-packages/colcon_core/task/python/colcon_distutils_commands:/home/seif/ros2_ws/install/my_amcl_node/lib/python3.10/site-packages:${PYTHONPATH} /usr/bin/python3 -W ignore:setup.py install is deprecated -W ignore:easy_install command is deprecated setup.py egg_info --egg-base ../../build/my_amcl_node build --build-base /home/seif/ros2_ws/build/my_amcl_node/build install --record /home/seif/ros2_ws/build/my_amcl_node/install.log --single-version-externally-managed install_data
