[1.268s] Invoking command in '/home/seif/ros2_ws/src/planner_pkg': PYTHONPATH=/home/seif/ros2_ws/build/planner_pkg/prefix_override:/usr/lib/python3/dist-packages/colcon_core/task/python/colcon_distutils_commands:/home/seif/ros2_ws/install/planner_pkg/lib/python3.10/site-packages:${PYTHONPATH} /usr/bin/python3 -W ignore:setup.py install is deprecated -W ignore:easy_install command is deprecated setup.py egg_info --egg-base ../../build/planner_pkg build --build-base /home/seif/ros2_ws/build/planner_pkg/build install --record /home/seif/ros2_ws/build/planner_pkg/install.log --single-version-externally-managed install_data
[1.496s] running egg_info
[1.497s] writing ../../build/planner_pkg/planner_pkg.egg-info/PKG-INFO
[1.497s] writing dependency_links to ../../build/planner_pkg/planner_pkg.egg-info/dependency_links.txt
[1.497s] writing entry points to ../../build/planner_pkg/planner_pkg.egg-info/entry_points.txt
[1.497s] writing requirements to ../../build/planner_pkg/planner_pkg.egg-info/requires.txt
[1.497s] writing top-level names to ../../build/planner_pkg/planner_pkg.egg-info/top_level.txt
[1.499s] reading manifest file '../../build/planner_pkg/planner_pkg.egg-info/SOURCES.txt'
[1.499s] writing manifest file '../../build/planner_pkg/planner_pkg.egg-info/SOURCES.txt'
[1.499s] running build
[1.499s] running build_py
[1.499s] copying planner_pkg/dwa_node.py -> /home/seif/ros2_ws/build/planner_pkg/build/lib/planner_pkg
[1.500s] running install
[1.500s] running install_lib
[1.501s] copying /home/seif/ros2_ws/build/planner_pkg/build/lib/planner_pkg/dwa_node.py -> /home/seif/ros2_ws/install/planner_pkg/lib/python3.10/site-packages/planner_pkg
[1.502s] byte-compiling /home/seif/ros2_ws/install/planner_pkg/lib/python3.10/site-packages/planner_pkg/dwa_node.py to dwa_node.cpython-310.pyc
[1.504s] running install_data
[1.504s] running install_egg_info
[1.505s] removing '/home/seif/ros2_ws/install/planner_pkg/lib/python3.10/site-packages/planner_pkg-0.0.0-py3.10.egg-info' (and everything under it)
[1.505s] Copying ../../build/planner_pkg/planner_pkg.egg-info to /home/seif/ros2_ws/install/planner_pkg/lib/python3.10/site-packages/planner_pkg-0.0.0-py3.10.egg-info
[1.506s] running install_scripts
[1.527s] Installing astar_node script to /home/seif/ros2_ws/install/planner_pkg/lib/planner_pkg
[1.527s] Installing dwa_node script to /home/seif/ros2_ws/install/planner_pkg/lib/planner_pkg
[1.528s] writing list of installed files to '/home/seif/ros2_ws/build/planner_pkg/install.log'
[1.561s] Invoked command in '/home/seif/ros2_ws/src/planner_pkg' returned '0': PYTHONPATH=/home/seif/ros2_ws/build/planner_pkg/prefix_override:/usr/lib/python3/dist-packages/colcon_core/task/python/colcon_distutils_commands:/home/seif/ros2_ws/install/planner_pkg/lib/python3.10/site-packages:${PYTHONPATH} /usr/bin/python3 -W ignore:setup.py install is deprecated -W ignore:easy_install command is deprecated setup.py egg_info --egg-base ../../build/planner_pkg build --build-base /home/seif/ros2_ws/build/planner_pkg/build install --record /home/seif/ros2_ws/build/planner_pkg/install.log --single-version-externally-managed install_data
