[3.121s] Invoking command in '/home/seif/ros2_ws/src/amcl_plotter': PYTHONPATH=/home/seif/ros2_ws/build/amcl_plotter/prefix_override:/usr/lib/python3/dist-packages/colcon_core/task/python/colcon_distutils_commands:/home/seif/ros2_ws/install/amcl_plotter/lib/python3.10/site-packages:${PYTHONPATH} /usr/bin/python3 -W ignore:setup.py install is deprecated -W ignore:easy_install command is deprecated setup.py egg_info --egg-base ../../build/amcl_plotter build --build-base /home/seif/ros2_ws/build/amcl_plotter/build install --record /home/seif/ros2_ws/build/amcl_plotter/install.log --single-version-externally-managed install_data
[3.880s] running egg_info
[3.883s] writing ../../build/amcl_plotter/amcl_plotter.egg-info/PKG-INFO
[3.884s] writing dependency_links to ../../build/amcl_plotter/amcl_plotter.egg-info/dependency_links.txt
[3.885s] writing entry points to ../../build/amcl_plotter/amcl_plotter.egg-info/entry_points.txt
[3.885s] writing requirements to ../../build/amcl_plotter/amcl_plotter.egg-info/requires.txt
[3.886s] writing top-level names to ../../build/amcl_plotter/amcl_plotter.egg-info/top_level.txt
[3.891s] reading manifest file '../../build/amcl_plotter/amcl_plotter.egg-info/SOURCES.txt'
[3.893s] writing manifest file '../../build/amcl_plotter/amcl_plotter.egg-info/SOURCES.txt'
[3.894s] running build
[3.894s] running build_py
[3.895s] running install
[3.896s] running install_lib
[3.905s] running install_data
[3.905s] running install_egg_info
[3.909s] removing '/home/seif/ros2_ws/install/amcl_plotter/lib/python3.10/site-packages/amcl_plotter-0.0.0-py3.10.egg-info' (and everything under it)
[3.910s] Copying ../../build/amcl_plotter/amcl_plotter.egg-info to /home/seif/ros2_ws/install/amcl_plotter/lib/python3.10/site-packages/amcl_plotter-0.0.0-py3.10.egg-info
[3.912s] running install_scripts
[3.978s] Installing plot_pose script to /home/seif/ros2_ws/install/amcl_plotter/lib/amcl_plotter
[3.979s] writing list of installed files to '/home/seif/ros2_ws/build/amcl_plotter/install.log'
[4.052s] Invoked command in '/home/seif/ros2_ws/src/amcl_plotter' returned '0': PYTHONPATH=/home/seif/ros2_ws/build/amcl_plotter/prefix_override:/usr/lib/python3/dist-packages/colcon_core/task/python/colcon_distutils_commands:/home/seif/ros2_ws/install/amcl_plotter/lib/python3.10/site-packages:${PYTHONPATH} /usr/bin/python3 -W ignore:setup.py install is deprecated -W ignore:easy_install command is deprecated setup.py egg_info --egg-base ../../build/amcl_plotter build --build-base /home/seif/ros2_ws/build/amcl_plotter/build install --record /home/seif/ros2_ws/build/amcl_plotter/install.log --single-version-externally-managed install_data
