[2.993s] Invoking command in '/home/seif/ros2_ws/src/my_amcl_node': PYTHONPATH=/home/seif/ros2_ws/build/my_amcl_node/prefix_override:/usr/lib/python3/dist-packages/colcon_core/task/python/colcon_distutils_commands:/home/seif/ros2_ws/install/my_amcl_node/lib/python3.10/site-packages:${PYTHONPATH} /usr/bin/python3 -W ignore:setup.py install is deprecated -W ignore:easy_install command is deprecated setup.py egg_info --egg-base ../../build/my_amcl_node build --build-base /home/seif/ros2_ws/build/my_amcl_node/build install --record /home/seif/ros2_ws/build/my_amcl_node/install.log --single-version-externally-managed install_data
[3.751s] running egg_info
[3.753s] writing ../../build/my_amcl_node/my_amcl_node.egg-info/PKG-INFO
[3.753s] writing dependency_links to ../../build/my_amcl_node/my_amcl_node.egg-info/dependency_links.txt
[3.754s] writing entry points to ../../build/my_amcl_node/my_amcl_node.egg-info/entry_points.txt
[3.754s] writing requirements to ../../build/my_amcl_node/my_amcl_node.egg-info/requires.txt
[3.754s] writing top-level names to ../../build/my_amcl_node/my_amcl_node.egg-info/top_level.txt
[3.758s] reading manifest file '../../build/my_amcl_node/my_amcl_node.egg-info/SOURCES.txt'
[3.761s] writing manifest file '../../build/my_amcl_node/my_amcl_node.egg-info/SOURCES.txt'
[3.762s] running build
[3.762s] running build_py
[3.762s] running install
[3.764s] running install_lib
[3.772s] running install_data
[3.772s] running install_egg_info
[3.776s] removing '/home/seif/ros2_ws/install/my_amcl_node/lib/python3.10/site-packages/my_amcl_node-0.0.0-py3.10.egg-info' (and everything under it)
[3.777s] Copying ../../build/my_amcl_node/my_amcl_node.egg-info to /home/seif/ros2_ws/install/my_amcl_node/lib/python3.10/site-packages/my_amcl_node-0.0.0-py3.10.egg-info
[3.780s] running install_scripts
[3.837s] Installing amcl_node script to /home/seif/ros2_ws/install/my_amcl_node/lib/my_amcl_node
[3.838s] writing list of installed files to '/home/seif/ros2_ws/build/my_amcl_node/install.log'
[3.903s] Invoked command in '/home/seif/ros2_ws/src/my_amcl_node' returned '0': PYTHONPATH=/home/seif/ros2_ws/build/my_amcl_node/prefix_override:/usr/lib/python3/dist-packages/colcon_core/task/python/colcon_distutils_commands:/home/seif/ros2_ws/install/my_amcl_node/lib/python3.10/site-packages:${PYTHONPATH} /usr/bin/python3 -W ignore:setup.py install is deprecated -W ignore:easy_install command is deprecated setup.py egg_info --egg-base ../../build/my_amcl_node build --build-base /home/seif/ros2_ws/build/my_amcl_node/build install --record /home/seif/ros2_ws/build/my_amcl_node/install.log --single-version-externally-managed install_data
