[1.533s] Invoking command in '/home/seif/ros2_ws/src/my_amcl_node': PYTHONPATH=/home/seif/ros2_ws/build/my_amcl_node/prefix_override:/usr/lib/python3/dist-packages/colcon_core/task/python/colcon_distutils_commands:/home/seif/ros2_ws/install/my_amcl_node/lib/python3.10/site-packages:${PYTHONPATH} /usr/bin/python3 -W ignore:setup.py install is deprecated -W ignore:easy_install command is deprecated setup.py egg_info --egg-base ../../build/my_amcl_node build --build-base /home/seif/ros2_ws/build/my_amcl_node/build install --record /home/seif/ros2_ws/build/my_amcl_node/install.log --single-version-externally-managed install_data
[1.862s] running egg_info
[1.864s] writing ../../build/my_amcl_node/my_amcl_node.egg-info/PKG-INFO
[1.864s] writing dependency_links to ../../build/my_amcl_node/my_amcl_node.egg-info/dependency_links.txt
[1.864s] writing entry points to ../../build/my_amcl_node/my_amcl_node.egg-info/entry_points.txt
[1.864s] writing requirements to ../../build/my_amcl_node/my_amcl_node.egg-info/requires.txt
[1.864s] writing top-level names to ../../build/my_amcl_node/my_amcl_node.egg-info/top_level.txt
[1.867s] reading manifest file '../../build/my_amcl_node/my_amcl_node.egg-info/SOURCES.txt'
[1.868s] writing manifest file '../../build/my_amcl_node/my_amcl_node.egg-info/SOURCES.txt'
[1.869s] running build
[1.869s] running build_py
[1.869s] running install
[1.869s] running install_lib
[1.875s] running install_data
[1.875s] running install_egg_info
[1.875s] removing '/home/seif/ros2_ws/install/my_amcl_node/lib/python3.10/site-packages/my_amcl_node-0.0.0-py3.10.egg-info' (and everything under it)
[1.876s] Copying ../../build/my_amcl_node/my_amcl_node.egg-info to /home/seif/ros2_ws/install/my_amcl_node/lib/python3.10/site-packages/my_amcl_node-0.0.0-py3.10.egg-info
[1.877s] running install_scripts
[1.900s] Installing amcl_node script to /home/seif/ros2_ws/install/my_amcl_node/lib/my_amcl_node
[1.900s] writing list of installed files to '/home/seif/ros2_ws/build/my_amcl_node/install.log'
[1.928s] Invoked command in '/home/seif/ros2_ws/src/my_amcl_node' returned '0': PYTHONPATH=/home/seif/ros2_ws/build/my_amcl_node/prefix_override:/usr/lib/python3/dist-packages/colcon_core/task/python/colcon_distutils_commands:/home/seif/ros2_ws/install/my_amcl_node/lib/python3.10/site-packages:${PYTHONPATH} /usr/bin/python3 -W ignore:setup.py install is deprecated -W ignore:easy_install command is deprecated setup.py egg_info --egg-base ../../build/my_amcl_node build --build-base /home/seif/ros2_ws/build/my_amcl_node/build install --record /home/seif/ros2_ws/build/my_amcl_node/install.log --single-version-externally-managed install_data
