running egg_info
creating ../../build/my_amcl_node/my_amcl_node.egg-info
writing ../../build/my_amcl_node/my_amcl_node.egg-info/PKG-INFO
writing dependency_links to ../../build/my_amcl_node/my_amcl_node.egg-info/dependency_links.txt
writing entry points to ../../build/my_amcl_node/my_amcl_node.egg-info/entry_points.txt
writing requirements to ../../build/my_amcl_node/my_amcl_node.egg-info/requires.txt
writing top-level names to ../../build/my_amcl_node/my_amcl_node.egg-info/top_level.txt
writing manifest file '../../build/my_amcl_node/my_amcl_node.egg-info/SOURCES.txt'
reading manifest file '../../build/my_amcl_node/my_amcl_node.egg-info/SOURCES.txt'
writing manifest file '../../build/my_amcl_node/my_amcl_node.egg-info/SOURCES.txt'
running build
running build_py
creating /home/seif/ros2_ws/build/my_amcl_node/build
creating /home/seif/ros2_ws/build/my_amcl_node/build/lib
creating /home/seif/ros2_ws/build/my_amcl_node/build/lib/my_amcl_node
copying my_amcl_node/__init__.py -> /home/seif/ros2_ws/build/my_amcl_node/build/lib/my_amcl_node
running install
running install_lib
creating /home/seif/ros2_ws/install/my_amcl_node/lib/python3.10/site-packages/my_amcl_node
copying /home/seif/ros2_ws/build/my_amcl_node/build/lib/my_amcl_node/__init__.py -> /home/seif/ros2_ws/install/my_amcl_node/lib/python3.10/site-packages/my_amcl_node
byte-compiling /home/seif/ros2_ws/install/my_amcl_node/lib/python3.10/site-packages/my_amcl_node/__init__.py to __init__.cpython-310.pyc
running install_data
creating /home/seif/ros2_ws/install/my_amcl_node/share/ament_index
creating /home/seif/ros2_ws/install/my_amcl_node/share/ament_index/resource_index
creating /home/seif/ros2_ws/install/my_amcl_node/share/ament_index/resource_index/packages
copying resource/my_amcl_node -> /home/seif/ros2_ws/install/my_amcl_node/share/ament_index/resource_index/packages
copying package.xml -> /home/seif/ros2_ws/install/my_amcl_node/share/my_amcl_node
running install_egg_info
Copying ../../build/my_amcl_node/my_amcl_node.egg-info to /home/seif/ros2_ws/install/my_amcl_node/lib/python3.10/site-packages/my_amcl_node-0.0.0-py3.10.egg-info
running install_scripts
writing list of installed files to '/home/seif/ros2_ws/build/my_amcl_node/install.log'
