[0.535s] Invoking command in '/home/seif/ros2_ws/src/my_amcl_node': PYTHONPATH=/home/seif/ros2_ws/build/my_amcl_node/prefix_override:/usr/lib/python3/dist-packages/colcon_core/task/python/colcon_distutils_commands:/home/seif/ros2_ws/install/my_amcl_node/lib/python3.10/site-packages:${PYTHONPATH} /usr/bin/python3 -W ignore:setup.py install is deprecated -W ignore:easy_install command is deprecated setup.py egg_info --egg-base ../../build/my_amcl_node build --build-base /home/seif/ros2_ws/build/my_amcl_node/build install --record /home/seif/ros2_ws/build/my_amcl_node/install.log --single-version-externally-managed install_data
[0.764s] running egg_info
[0.765s] creating ../../build/my_amcl_node/my_amcl_node.egg-info
[0.765s] writing ../../build/my_amcl_node/my_amcl_node.egg-info/PKG-INFO
[0.766s] writing dependency_links to ../../build/my_amcl_node/my_amcl_node.egg-info/dependency_links.txt
[0.766s] writing entry points to ../../build/my_amcl_node/my_amcl_node.egg-info/entry_points.txt
[0.766s] writing requirements to ../../build/my_amcl_node/my_amcl_node.egg-info/requires.txt
[0.766s] writing top-level names to ../../build/my_amcl_node/my_amcl_node.egg-info/top_level.txt
[0.766s] writing manifest file '../../build/my_amcl_node/my_amcl_node.egg-info/SOURCES.txt'
[0.767s] reading manifest file '../../build/my_amcl_node/my_amcl_node.egg-info/SOURCES.txt'
[0.768s] writing manifest file '../../build/my_amcl_node/my_amcl_node.egg-info/SOURCES.txt'
[0.768s] running build
[0.768s] running build_py
[0.768s] creating /home/seif/ros2_ws/build/my_amcl_node/build
[0.768s] creating /home/seif/ros2_ws/build/my_amcl_node/build/lib
[0.769s] creating /home/seif/ros2_ws/build/my_amcl_node/build/lib/my_amcl_node
[0.769s] copying my_amcl_node/__init__.py -> /home/seif/ros2_ws/build/my_amcl_node/build/lib/my_amcl_node
[0.769s] running install
[0.769s] running install_lib
[0.769s] creating /home/seif/ros2_ws/install/my_amcl_node/lib/python3.10/site-packages/my_amcl_node
[0.769s] copying /home/seif/ros2_ws/build/my_amcl_node/build/lib/my_amcl_node/__init__.py -> /home/seif/ros2_ws/install/my_amcl_node/lib/python3.10/site-packages/my_amcl_node
[0.770s] byte-compiling /home/seif/ros2_ws/install/my_amcl_node/lib/python3.10/site-packages/my_amcl_node/__init__.py to __init__.cpython-310.pyc
[0.770s] running install_data
[0.770s] creating /home/seif/ros2_ws/install/my_amcl_node/share/ament_index
[0.770s] creating /home/seif/ros2_ws/install/my_amcl_node/share/ament_index/resource_index
[0.770s] creating /home/seif/ros2_ws/install/my_amcl_node/share/ament_index/resource_index/packages
[0.770s] copying resource/my_amcl_node -> /home/seif/ros2_ws/install/my_amcl_node/share/ament_index/resource_index/packages
[0.770s] copying package.xml -> /home/seif/ros2_ws/install/my_amcl_node/share/my_amcl_node
[0.771s] running install_egg_info
[0.772s] Copying ../../build/my_amcl_node/my_amcl_node.egg-info to /home/seif/ros2_ws/install/my_amcl_node/lib/python3.10/site-packages/my_amcl_node-0.0.0-py3.10.egg-info
[0.773s] running install_scripts
[0.793s] writing list of installed files to '/home/seif/ros2_ws/build/my_amcl_node/install.log'
[0.813s] Invoked command in '/home/seif/ros2_ws/src/my_amcl_node' returned '0': PYTHONPATH=/home/seif/ros2_ws/build/my_amcl_node/prefix_override:/usr/lib/python3/dist-packages/colcon_core/task/python/colcon_distutils_commands:/home/seif/ros2_ws/install/my_amcl_node/lib/python3.10/site-packages:${PYTHONPATH} /usr/bin/python3 -W ignore:setup.py install is deprecated -W ignore:easy_install command is deprecated setup.py egg_info --egg-base ../../build/my_amcl_node build --build-base /home/seif/ros2_ws/build/my_amcl_node/build install --record /home/seif/ros2_ws/build/my_amcl_node/install.log --single-version-externally-managed install_data
