[1.194s] Invoking command in '/home/seif/ros2_ws/src/planner_pkg': PYTHONPATH=/home/seif/ros2_ws/build/planner_pkg/prefix_override:/usr/lib/python3/dist-packages/colcon_core/task/python/colcon_distutils_commands:/home/seif/ros2_ws/install/planner_pkg/lib/python3.10/site-packages:${PYTHONPATH} /usr/bin/python3 -W ignore:setup.py install is deprecated -W ignore:easy_install command is deprecated setup.py egg_info --egg-base ../../build/planner_pkg build --build-base /home/seif/ros2_ws/build/planner_pkg/build install --record /home/seif/ros2_ws/build/planner_pkg/install.log --single-version-externally-managed install_data
[1.419s] running egg_info
[1.419s] writing ../../build/planner_pkg/planner_pkg.egg-info/PKG-INFO
[1.419s] writing dependency_links to ../../build/planner_pkg/planner_pkg.egg-info/dependency_links.txt
[1.419s] writing entry points to ../../build/planner_pkg/planner_pkg.egg-info/entry_points.txt
[1.419s] writing requirements to ../../build/planner_pkg/planner_pkg.egg-info/requires.txt
[1.419s] writing top-level names to ../../build/planner_pkg/planner_pkg.egg-info/top_level.txt
[1.421s] reading manifest file '../../build/planner_pkg/planner_pkg.egg-info/SOURCES.txt'
[1.421s] writing manifest file '../../build/planner_pkg/planner_pkg.egg-info/SOURCES.txt'
[1.421s] running build
[1.421s] running build_py
[1.422s] running install
[1.422s] running install_lib
[1.424s] running install_data
[1.424s] running install_egg_info
[1.425s] removing '/home/seif/ros2_ws/install/planner_pkg/lib/python3.10/site-packages/planner_pkg-0.0.0-py3.10.egg-info' (and everything under it)
[1.425s] Copying ../../build/planner_pkg/planner_pkg.egg-info to /home/seif/ros2_ws/install/planner_pkg/lib/python3.10/site-packages/planner_pkg-0.0.0-py3.10.egg-info
[1.426s] running install_scripts
[1.443s] Installing astar_node script to /home/seif/ros2_ws/install/planner_pkg/lib/planner_pkg
[1.443s] Installing dwa_node script to /home/seif/ros2_ws/install/planner_pkg/lib/planner_pkg
[1.444s] writing list of installed files to '/home/seif/ros2_ws/build/planner_pkg/install.log'
[1.480s] Invoked command in '/home/seif/ros2_ws/src/planner_pkg' returned '0': PYTHONPATH=/home/seif/ros2_ws/build/planner_pkg/prefix_override:/usr/lib/python3/dist-packages/colcon_core/task/python/colcon_distutils_commands:/home/seif/ros2_ws/install/planner_pkg/lib/python3.10/site-packages:${PYTHONPATH} /usr/bin/python3 -W ignore:setup.py install is deprecated -W ignore:easy_install command is deprecated setup.py egg_info --egg-base ../../build/planner_pkg build --build-base /home/seif/ros2_ws/build/planner_pkg/build install --record /home/seif/ros2_ws/build/planner_pkg/install.log --single-version-externally-managed install_data
